<?xml version="1.0" encoding="UTF-8" standalone="no"?><testsuite errors="0" failures="0" name="com.edwardjones.platform_ui_tests.testcases.VerifyChecksLeftStepperProgressNewDesign" skipped="0" tests="1" time="41.2" timestamp="2025-10-06 10:48:14"><testcase classname="com.edwardjones.platform_ui_tests.testcases.VerifyChecksLeftStepperProgressNewDesign" name="QA-Automation - Incorporate New Transaction Redesign - Left Progress Stepper-Check Deposits changes into automation framework UI/QA - Create New Transaction Redesign - Requirements Cleanup - Checks"/></testsuite>