<?xml version="1.0" encoding="UTF-8" standalone="no"?><testsuite errors="1" failures="0" name="com.edwardjones.platform_ui_tests.testcases.IntoCheckDepositMultipleAccountsSearch" skipped="0" tests="1" time="45.91" timestamp="2025-10-06 09:32:39"><testcase classname="com.edwardjones.platform_ui_tests.testcases.IntoCheckDepositMultipleAccountsSearch" name="Checks- Card 3 Search for To Account [UI/QA] Check Deposits - Select account outside of relationship/selected account enabled - Allow only 10 Accounts to Select"><error message="Expected condition failed: waiting for com.ej.taf.core.ui.pages.ChooseIntoFromLocationCard$1@71375fb9 (tried for 20 second(s) with 50 milliseconds interval)&#10;Build info: version: '4.21.0', revision: '79ed462ef4'&#10;System info: os.name: 'Linux', os.arch: 'amd64', os.version: '4.18.0-553.51.1.el8_10.x86_64', java.version: '17.0.1'&#10;Driver info: driver.version: unknown" type="org.openqa.selenium.TimeoutException">Expected condition failed: waiting for com.ej.taf.core.ui.pages.ChooseIntoFromLocationCard$1@71375fb9 (tried for 20 second(s) with 50 milliseconds interval)
Build info: version: '4.21.0', revision: '79ed462ef4'
System info: os.name: 'Linux', os.arch: 'amd64', os.version: '4.18.0-553.51.1.el8_10.x86_64', java.version: '17.0.1'
Driver info: driver.version: unknown</error><system-err>Expected condition failed: waiting for com.ej.taf.core.ui.pages.ChooseIntoFromLocationCard$1@71375fb9 (tried for 20 second(s) with 50 milliseconds interval)
Build info: version: '4.21.0', revision: '79ed462ef4'
System info: os.name: 'Linux', os.arch: 'amd64', os.version: '4.18.0-553.51.1.el8_10.x86_64', java.version: '17.0.1'
Driver info: driver.version: unknown
com.ej.taf.core.ui.pages.ChooseIntoFromLocationCard.selectMultipleAccounts(ChooseIntoFromLocationCard.java:255)
com.edwardjones.platform_ui_tests.automation.teststeps.newtransfer.ChooseFromAccountSteps.selectMultipleAccounts(ChooseFromAccountSteps.java:187)
com.edwardjones.platform_ui_tests.testcases.IntoCheckDepositMultipleAccountsSearch.verifySearchSelectWithMultipleAccounts(IntoCheckDepositMultipleAccountsSearch.java:41)
worker.org.gradle.process.internal.worker.GradleWorkerMain.run(GradleWorkerMain.java:69)
worker.org.gradle.process.internal.worker.GradleWorkerMain.main(GradleWorkerMain.java:74)
</system-err></testcase></testsuite>