<?xml version="1.0" encoding="UTF-8" standalone="no"?><testsuite errors="0" failures="0" name="com.edwardjones.platform_ui_tests.testcases.OutOfRestrictionsNewServicePart3Test" skipped="0" tests="1" time="16.49" timestamp="2025-10-06 11:27:31"><testcase classname="com.edwardjones.platform_ui_tests.testcases.OutOfRestrictionsNewServicePart3Test" name="Integrate New Account Service with Restrictions for ACH Transfers - 428 Rule IDChange applicable messaging in amc-rule-svc for ACH rules for QP/Pooled Plans and remove expired Rule IDs"/></testsuite>