<?xml version="1.0" encoding="UTF-8" standalone="no"?><testsuite errors="1" failures="0" name="com.edwardjones.platform_ui_tests.testcases.ChecksSearchOutsideRelAccTest" skipped="0" tests="1" time="49.17" timestamp="2025-10-06 09:39:16"><testcase classname="com.edwardjones.platform_ui_tests.testcases.ChecksSearchOutsideRelAccTest" name="UI/QA - Check Deposit - Search for account outside of relationship, negative cases- closed account"><error message="no such element: Unable to locate element: {&quot;method&quot;:&quot;xpath&quot;,&quot;selector&quot;:&quot;.//*[contains(@class,'item__number')]&quot;}&#10;  (Session info: MicrosoftEdge=139.0.3405.125)&#10;For documentation on this error, please visit: https://www.selenium.dev/documentation/webdriver/troubleshooting/errors#no-such-element-exception&#10;Build info: version: '4.21.0', revision: '79ed462ef4'&#10;System info: os.name: 'Linux', os.arch: 'amd64', os.version: '4.18.0-553.51.1.el8_10.x86_64', java.version: '17.0.1'&#10;Driver info: org.openqa.selenium.remote.RemoteWebDriver&#10;Command: [0c3dd92d6b60eb9f8368501603ebfee1, findChildElement {id=f.A6A53F0B138BA09AF8D1A354287838C9.d.173286D6A1C5E87573DA1D8AF17C08EA.e.117, using=xpath, value=.//*[contains(@class,'item__number')]}]&#10;Capabilities {acceptInsecureCerts: false, browserName: MicrosoftEdge, browserVersion: 139.0.3405.125, fedcm:accounts: true, goog:chromeOptions: {args: [--remote-allow-origins=*]}, ms:edgeOptions: {debuggerAddress: localhost:55835}, msedge: {msedgedriverVersion: 139.0.3405.125 (5d3aeaf5858..., userDataDir: C:\Users\selbot\AppData\Loc...}, networkConnectionEnabled: false, pageLoadStrategy: normal, platformName: Windows 10, proxy: Proxy(), se:bidiEnabled: false, se:cdp: ws://selenium4:4944/grid/re..., se:cdpVersion: 139.0.3405.125, setWindowRect: true, strictFileInteractability: false, timeouts: {implicit: 0, pageLoad: 300000, script: 30000}, unhandledPromptBehavior: dismiss and notify, webauthn:extension:credBlob: true, webauthn:extension:largeBlob: true, webauthn:extension:minPinLength: true, webauthn:extension:prf: true, webauthn:virtualAuthenticators: true}&#10;Session ID: 0c3dd92d6b60eb9f8368501603ebfee1" type="org.openqa.selenium.NoSuchElementException">no such element: Unable to locate element: {"method":"xpath","selector":".//*[contains(@class,'item__number')]"}
  (Session info: MicrosoftEdge=139.0.3405.125)
For documentation on this error, please visit: https://www.selenium.dev/documentation/webdriver/troubleshooting/errors#no-such-element-exception
Build info: version: '4.21.0', revision: '79ed462ef4'
System info: os.name: 'Linux', os.arch: 'amd64', os.version: '4.18.0-553.51.1.el8_10.x86_64', java.version: '17.0.1'
Driver info: org.openqa.selenium.remote.RemoteWebDriver
Command: [0c3dd92d6b60eb9f8368501603ebfee1, findChildElement {id=f.A6A53F0B138BA09AF8D1A354287838C9.d.173286D6A1C5E87573DA1D8AF17C08EA.e.117, using=xpath, value=.//*[contains(@class,'item__number')]}]
Capabilities {acceptInsecureCerts: false, browserName: MicrosoftEdge, browserVersion: 139.0.3405.125, fedcm:accounts: true, goog:chromeOptions: {args: [--remote-allow-origins=*]}, ms:edgeOptions: {debuggerAddress: localhost:55835}, msedge: {msedgedriverVersion: 139.0.3405.125 (5d3aeaf5858..., userDataDir: C:\Users\selbot\AppData\Loc...}, networkConnectionEnabled: false, pageLoadStrategy: normal, platformName: Windows 10, proxy: Proxy(), se:bidiEnabled: false, se:cdp: ws://selenium4:4944/grid/re..., se:cdpVersion: 139.0.3405.125, setWindowRect: true, strictFileInteractability: false, timeouts: {implicit: 0, pageLoad: 300000, script: 30000}, unhandledPromptBehavior: dismiss and notify, webauthn:extension:credBlob: true, webauthn:extension:largeBlob: true, webauthn:extension:minPinLength: true, webauthn:extension:prf: true, webauthn:virtualAuthenticators: true}
Session ID: 0c3dd92d6b60eb9f8368501603ebfee1</error><system-err>no such element: Unable to locate element: {"method":"xpath","selector":".//*[contains(@class,'item__number')]"}
  (Session info: MicrosoftEdge=139.0.3405.125)
For documentation on this error, please visit: https://www.selenium.dev/documentation/webdriver/troubleshooting/errors#no-such-element-exception
Build info: version: '4.21.0', revision: '79ed462ef4'
System info: os.name: 'Linux', os.arch: 'amd64', os.version: '4.18.0-553.51.1.el8_10.x86_64', java.version: '17.0.1'
Driver info: org.openqa.selenium.remote.RemoteWebDriver
Command: [0c3dd92d6b60eb9f8368501603ebfee1, findChildElement {id=f.A6A53F0B138BA09AF8D1A354287838C9.d.173286D6A1C5E87573DA1D8AF17C08EA.e.117, using=xpath, value=.//*[contains(@class,'item__number')]}]
Capabilities {acceptInsecureCerts: false, browserName: MicrosoftEdge, browserVersion: 139.0.3405.125, fedcm:accounts: true, goog:chromeOptions: {args: [--remote-allow-origins=*]}, ms:edgeOptions: {debuggerAddress: localhost:55835}, msedge: {msedgedriverVersion: 139.0.3405.125 (5d3aeaf5858..., userDataDir: C:\Users\selbot\AppData\Loc...}, networkConnectionEnabled: false, pageLoadStrategy: normal, platformName: Windows 10, proxy: Proxy(), se:bidiEnabled: false, se:cdp: ws://selenium4:4944/grid/re..., se:cdpVersion: 139.0.3405.125, setWindowRect: true, strictFileInteractability: false, timeouts: {implicit: 0, pageLoad: 300000, script: 30000}, unhandledPromptBehavior: dismiss and notify, webauthn:extension:credBlob: true, webauthn:extension:largeBlob: true, webauthn:extension:minPinLength: true, webauthn:extension:prf: true, webauthn:virtualAuthenticators: true}
Session ID: 0c3dd92d6b60eb9f8368501603ebfee1
com.ej.taf.core.ui.pages.widgets.AccountListElement.getWebElement(AccountListElement.java:100)
com.ej.taf.core.ui.pages.widgets.AccountListElement.getTextFromAttribute(AccountListElement.java:26)
com.edwardjones.platform_ui_tests.automation.teststeps.newtransfer.SearchAccountSteps.lambda$isAccountNumberMatch$1(SearchAccountSteps.java:150)
com.edwardjones.platform_ui_tests.automation.teststeps.newtransfer.SearchAccountSteps.isAccountSelected(SearchAccountSteps.java:509)
com.edwardjones.platform_ui_tests.testcases.ChecksSearchOutsideRelAccTest.runTestFlow(ChecksSearchOutsideRelAccTest.java:133)
com.edwardjones.platform_ui_tests.testcases.ChecksSearchOutsideRelAccTest.checkAddOutsideAccountSearchForClosedAccount(ChecksSearchOutsideRelAccTest.java:54)
worker.org.gradle.process.internal.worker.GradleWorkerMain.run(GradleWorkerMain.java:69)
worker.org.gradle.process.internal.worker.GradleWorkerMain.main(GradleWorkerMain.java:74)
</system-err></testcase></testsuite>