<?xml version="1.0" encoding="UTF-8" standalone="no"?><testsuite errors="1" failures="0" name="com.edwardjones.platform_ui_tests.testcases.AccountAutoSelectNegativeTest" skipped="0" tests="1" time="16.45" timestamp="2025-10-06 08:59:02"><testcase classname="com.edwardjones.platform_ui_tests.testcases.AccountAutoSelectNegativeTest" name="Between Flow: Multiple Accounts are not auto selected"><error message="no such element: Unable to locate element: {&quot;method&quot;:&quot;xpath&quot;,&quot;selector&quot;:&quot;.//input&quot;}&#10;  (Session info: MicrosoftEdge=139.0.3405.125)&#10;For documentation on this error, please visit: https://www.selenium.dev/documentation/webdriver/troubleshooting/errors#no-such-element-exception&#10;Build info: version: '4.21.0', revision: '79ed462ef4'&#10;System info: os.name: 'Linux', os.arch: 'amd64', os.version: '4.18.0-553.51.1.el8_10.x86_64', java.version: '17.0.1'&#10;Driver info: org.openqa.selenium.remote.RemoteWebDriver&#10;Command: [06d0506fde57d581350ad6c56d51ac97, findChildElement {id=f.77D3A2CF7B06B9776A830A60FDE758E3.d.F2F22C9818E2CF69384F6F253D056EC4.e.117, using=xpath, value=.//input}]&#10;Capabilities {acceptInsecureCerts: false, browserName: MicrosoftEdge, browserVersion: 139.0.3405.125, fedcm:accounts: true, goog:chromeOptions: {args: [--remote-allow-origins=*]}, ms:edgeOptions: {debuggerAddress: localhost:62662}, msedge: {msedgedriverVersion: 139.0.3405.125 (5d3aeaf5858..., userDataDir: C:\Users\selbot\AppData\Loc...}, networkConnectionEnabled: false, pageLoadStrategy: normal, platformName: Windows 10, proxy: Proxy(), se:bidiEnabled: false, se:cdp: ws://selenium4:4944/grid/re..., se:cdpVersion: 139.0.3405.125, setWindowRect: true, strictFileInteractability: false, timeouts: {implicit: 0, pageLoad: 300000, script: 30000}, unhandledPromptBehavior: dismiss and notify, webauthn:extension:credBlob: true, webauthn:extension:largeBlob: true, webauthn:extension:minPinLength: true, webauthn:extension:prf: true, webauthn:virtualAuthenticators: true}&#10;Session ID: 06d0506fde57d581350ad6c56d51ac97" type="org.openqa.selenium.NoSuchElementException">no such element: Unable to locate element: {"method":"xpath","selector":".//input"}
  (Session info: MicrosoftEdge=139.0.3405.125)
For documentation on this error, please visit: https://www.selenium.dev/documentation/webdriver/troubleshooting/errors#no-such-element-exception
Build info: version: '4.21.0', revision: '79ed462ef4'
System info: os.name: 'Linux', os.arch: 'amd64', os.version: '4.18.0-553.51.1.el8_10.x86_64', java.version: '17.0.1'
Driver info: org.openqa.selenium.remote.RemoteWebDriver
Command: [06d0506fde57d581350ad6c56d51ac97, findChildElement {id=f.77D3A2CF7B06B9776A830A60FDE758E3.d.F2F22C9818E2CF69384F6F253D056EC4.e.117, using=xpath, value=.//input}]
Capabilities {acceptInsecureCerts: false, browserName: MicrosoftEdge, browserVersion: 139.0.3405.125, fedcm:accounts: true, goog:chromeOptions: {args: [--remote-allow-origins=*]}, ms:edgeOptions: {debuggerAddress: localhost:62662}, msedge: {msedgedriverVersion: 139.0.3405.125 (5d3aeaf5858..., userDataDir: C:\Users\selbot\AppData\Loc...}, networkConnectionEnabled: false, pageLoadStrategy: normal, platformName: Windows 10, proxy: Proxy(), se:bidiEnabled: false, se:cdp: ws://selenium4:4944/grid/re..., se:cdpVersion: 139.0.3405.125, setWindowRect: true, strictFileInteractability: false, timeouts: {implicit: 0, pageLoad: 300000, script: 30000}, unhandledPromptBehavior: dismiss and notify, webauthn:extension:credBlob: true, webauthn:extension:largeBlob: true, webauthn:extension:minPinLength: true, webauthn:extension:prf: true, webauthn:virtualAuthenticators: true}
Session ID: 06d0506fde57d581350ad6c56d51ac97</error><system-err>no such element: Unable to locate element: {"method":"xpath","selector":".//input"}
  (Session info: MicrosoftEdge=139.0.3405.125)
For documentation on this error, please visit: https://www.selenium.dev/documentation/webdriver/troubleshooting/errors#no-such-element-exception
Build info: version: '4.21.0', revision: '79ed462ef4'
System info: os.name: 'Linux', os.arch: 'amd64', os.version: '4.18.0-553.51.1.el8_10.x86_64', java.version: '17.0.1'
Driver info: org.openqa.selenium.remote.RemoteWebDriver
Command: [06d0506fde57d581350ad6c56d51ac97, findChildElement {id=f.77D3A2CF7B06B9776A830A60FDE758E3.d.F2F22C9818E2CF69384F6F253D056EC4.e.117, using=xpath, value=.//input}]
Capabilities {acceptInsecureCerts: false, browserName: MicrosoftEdge, browserVersion: 139.0.3405.125, fedcm:accounts: true, goog:chromeOptions: {args: [--remote-allow-origins=*]}, ms:edgeOptions: {debuggerAddress: localhost:62662}, msedge: {msedgedriverVersion: 139.0.3405.125 (5d3aeaf5858..., userDataDir: C:\Users\selbot\AppData\Loc...}, networkConnectionEnabled: false, pageLoadStrategy: normal, platformName: Windows 10, proxy: Proxy(), se:bidiEnabled: false, se:cdp: ws://selenium4:4944/grid/re..., se:cdpVersion: 139.0.3405.125, setWindowRect: true, strictFileInteractability: false, timeouts: {implicit: 0, pageLoad: 300000, script: 30000}, unhandledPromptBehavior: dismiss and notify, webauthn:extension:credBlob: true, webauthn:extension:largeBlob: true, webauthn:extension:minPinLength: true, webauthn:extension:prf: true, webauthn:virtualAuthenticators: true}
Session ID: 06d0506fde57d581350ad6c56d51ac97
com.ej.taf.core.ui.pages.widgets.AccountListElement.isSelectedAccount(AccountListElement.java:75)
com.edwardjones.platform_ui_tests.automation.teststeps.newtransfer.SearchAccountSteps.verifyAnyAccountIsSelected(SearchAccountSteps.java:318)
com.edwardjones.platform_ui_tests.testcases.AccountAutoSelectNegativeTest.verifyMultipleBetweenAccountAreNotAutoSelected(AccountAutoSelectNegativeTest.java:145)
worker.org.gradle.process.internal.worker.GradleWorkerMain.run(GradleWorkerMain.java:69)
worker.org.gradle.process.internal.worker.GradleWorkerMain.main(GradleWorkerMain.java:74)
</system-err></testcase></testsuite>