<?xml version="1.0" encoding="UTF-8" standalone="no"?><testsuite errors="1" failures="0" name="com.edwardjones.platform_ui_tests.testcases.OutgoingWireTransferFlowTestPart2Test" skipped="0" tests="1" time="37.47" timestamp="2025-10-06 10:48:35"><testcase classname="com.edwardjones.platform_ui_tests.testcases.OutgoingWireTransferFlowTestPart2Test" name="Integrate New Rule with Restrictions/non-Restrictions for Outgoing Wire transfer - SEP IRA-RuleID-308"><error message="Expected condition failed: waiting for Account 99780433 should be present in 'Account From' list (tried for 20 second(s) with 500 milliseconds interval)" type="org.openqa.selenium.TimeoutException">Expected condition failed: waiting for Account 99780433 should be present in 'Account From' list (tried for 20 second(s) with 500 milliseconds interval)</error><system-err>Expected condition failed: waiting for Account 99780433 should be present in 'Account From' list (tried for 20 second(s) with 500 milliseconds interval)
com.ej.taf.core.ui.pages.BasePageObject.waitForListElement(BasePageObject.java:91)
com.ej.taf.core.ui.pages.widgets.SearchAccountWidget.waitForPresenceOfAccountInList(SearchAccountWidget.java:76)
com.ej.taf.core.ui.pages.widgets.SearchAccountWidget.ensureAccountIsSelected(SearchAccountWidget.java:156)
com.edwardjones.platform_ui_tests.automation.teststeps.newtransfer.AccountItemSteps.searchForAccountAndSelect(AccountItemSteps.java:517)
com.edwardjones.platform_ui_tests.testcases.OutgoingWireTransferFlowTestPart2Test.verifyRestrictedAccountsForIntoLinkedBank(OutgoingWireTransferFlowTestPart2Test.java:176)
com.edwardjones.platform_ui_tests.testcases.OutgoingWireTransferFlowTestPart2Test.verifyTransferOutWireTransferForSEPIRARuleID308(OutgoingWireTransferFlowTestPart2Test.java:68)
worker.org.gradle.process.internal.worker.GradleWorkerMain.run(GradleWorkerMain.java:69)
worker.org.gradle.process.internal.worker.GradleWorkerMain.main(GradleWorkerMain.java:74)
</system-err></testcase></testsuite>