<?xml version="1.0" encoding="UTF-8" standalone="no"?><testsuite errors="1" failures="0" name="com.edwardjones.platform_ui_tests.testcases.OutOfEdwardJonesToLinkedBankTest" skipped="0" tests="1" time="65.09" timestamp="2025-10-06 10:30:27"><testcase classname="com.edwardjones.platform_ui_tests.testcases.OutOfEdwardJonesToLinkedBankTest" name="Enable Inherited IRAs in ACH Transaction Rules depending on Feature Toggle"><error message="Error in reading data from DB2" type="com.edwardjones.database.exceptions.DbDataIsNotRetrievedException">Error in reading data from DB2</error><system-err>Error in reading data from DB2
com.edwardjones.database.helpers.Db2Helper.getResultSet(Db2Helper.java:69)
com.edwardjones.database.dataproviders.base.BaseTestDataProvider.readDb2Data(BaseTestDataProvider.java:119)
com.edwardjones.database.dataproviders.base.BaseTestDataProvider.readDb2Data(BaseTestDataProvider.java:106)
com.edwardjones.database.dataproviders.platform.SelectNonRestrictedAccountDb2TestDataProvider.readData(SelectNonRestrictedAccountDb2TestDataProvider.java:138)
com.edwardjones.database.dataproviders.platform.SelectNonRestrictedAccountDb2TestDataProvider.readData(SelectNonRestrictedAccountDb2TestDataProvider.java:72)
com.edwardjones.database.dataproviders.platform.BankProfileTestDataProvider.getInheritedAccountWithBankProfileTestData(BankProfileTestDataProvider.java:98)
com.edwardjones.platform_ui_tests.testcases.OutOfEdwardJonesToLinkedBankTest.verifyInheritedIraAccountsForOutOfToggleOff(OutOfEdwardJonesToLinkedBankTest.java:157)
worker.org.gradle.process.internal.worker.GradleWorkerMain.run(GradleWorkerMain.java:69)
worker.org.gradle.process.internal.worker.GradleWorkerMain.main(GradleWorkerMain.java:74)
</system-err></testcase></testsuite>