<?xml version="1.0" encoding="UTF-8" standalone="no"?><testsuite errors="1" failures="0" name="com.edwardjones.platform_ui_tests.testcases.IntoCheckDepositRestrictionsNewAccountServicePart2" skipped="0" tests="1" time="32.45" timestamp="2025-10-06 09:31:40"><testcase classname="com.edwardjones.platform_ui_tests.testcases.IntoCheckDepositRestrictionsNewAccountServicePart2" name="Part 2 - Integrate New Account Service with Restrictions for Check Deposits, Add Inherited IRA Rule in Checks Transaction Rules - for Rule ID 352"><error message="no such element: Unable to locate element: {&quot;method&quot;:&quot;xpath&quot;,&quot;selector&quot;:&quot;.//*[contains(@class,'item__number')]&quot;}&#10;  (Session info: MicrosoftEdge=139.0.3405.125)&#10;For documentation on this error, please visit: https://www.selenium.dev/documentation/webdriver/troubleshooting/errors#no-such-element-exception&#10;Build info: version: '4.21.0', revision: '79ed462ef4'&#10;System info: os.name: 'Linux', os.arch: 'amd64', os.version: '4.18.0-553.51.1.el8_10.x86_64', java.version: '17.0.1'&#10;Driver info: org.openqa.selenium.remote.RemoteWebDriver&#10;Command: [291782a4c532087a3b06c29fa2d3cb26, findChildElement {id=f.E10A626436D4BFA7DFC737835FEFB543.d.240A96E34B757A43E248D425477259E2.e.91, value=.//*[contains(@class,'item__number')], using=xpath}]&#10;Capabilities {acceptInsecureCerts: false, browserName: MicrosoftEdge, browserVersion: 139.0.3405.125, fedcm:accounts: true, goog:chromeOptions: {args: [--remote-allow-origins=*]}, ms:edgeOptions: {debuggerAddress: localhost:63386}, msedge: {msedgedriverVersion: 139.0.3405.125 (5d3aeaf5858..., userDataDir: C:\Users\selbot\AppData\Loc...}, networkConnectionEnabled: false, pageLoadStrategy: normal, platformName: Windows 10, proxy: Proxy(), se:bidiEnabled: false, se:cdp: ws://selenium4:4944/grid/re..., se:cdpVersion: 139.0.3405.125, setWindowRect: true, strictFileInteractability: false, timeouts: {implicit: 0, pageLoad: 300000, script: 30000}, unhandledPromptBehavior: dismiss and notify, webauthn:extension:credBlob: true, webauthn:extension:largeBlob: true, webauthn:extension:minPinLength: true, webauthn:extension:prf: true, webauthn:virtualAuthenticators: true}&#10;Session ID: 291782a4c532087a3b06c29fa2d3cb26" type="org.openqa.selenium.NoSuchElementException">no such element: Unable to locate element: {"method":"xpath","selector":".//*[contains(@class,'item__number')]"}
  (Session info: MicrosoftEdge=139.0.3405.125)
For documentation on this error, please visit: https://www.selenium.dev/documentation/webdriver/troubleshooting/errors#no-such-element-exception
Build info: version: '4.21.0', revision: '79ed462ef4'
System info: os.name: 'Linux', os.arch: 'amd64', os.version: '4.18.0-553.51.1.el8_10.x86_64', java.version: '17.0.1'
Driver info: org.openqa.selenium.remote.RemoteWebDriver
Command: [291782a4c532087a3b06c29fa2d3cb26, findChildElement {id=f.E10A626436D4BFA7DFC737835FEFB543.d.240A96E34B757A43E248D425477259E2.e.91, value=.//*[contains(@class,'item__number')], using=xpath}]
Capabilities {acceptInsecureCerts: false, browserName: MicrosoftEdge, browserVersion: 139.0.3405.125, fedcm:accounts: true, goog:chromeOptions: {args: [--remote-allow-origins=*]}, ms:edgeOptions: {debuggerAddress: localhost:63386}, msedge: {msedgedriverVersion: 139.0.3405.125 (5d3aeaf5858..., userDataDir: C:\Users\selbot\AppData\Loc...}, networkConnectionEnabled: false, pageLoadStrategy: normal, platformName: Windows 10, proxy: Proxy(), se:bidiEnabled: false, se:cdp: ws://selenium4:4944/grid/re..., se:cdpVersion: 139.0.3405.125, setWindowRect: true, strictFileInteractability: false, timeouts: {implicit: 0, pageLoad: 300000, script: 30000}, unhandledPromptBehavior: dismiss and notify, webauthn:extension:credBlob: true, webauthn:extension:largeBlob: true, webauthn:extension:minPinLength: true, webauthn:extension:prf: true, webauthn:virtualAuthenticators: true}
Session ID: 291782a4c532087a3b06c29fa2d3cb26</error><system-err>no such element: Unable to locate element: {"method":"xpath","selector":".//*[contains(@class,'item__number')]"}
  (Session info: MicrosoftEdge=139.0.3405.125)
For documentation on this error, please visit: https://www.selenium.dev/documentation/webdriver/troubleshooting/errors#no-such-element-exception
Build info: version: '4.21.0', revision: '79ed462ef4'
System info: os.name: 'Linux', os.arch: 'amd64', os.version: '4.18.0-553.51.1.el8_10.x86_64', java.version: '17.0.1'
Driver info: org.openqa.selenium.remote.RemoteWebDriver
Command: [291782a4c532087a3b06c29fa2d3cb26, findChildElement {id=f.E10A626436D4BFA7DFC737835FEFB543.d.240A96E34B757A43E248D425477259E2.e.91, value=.//*[contains(@class,'item__number')], using=xpath}]
Capabilities {acceptInsecureCerts: false, browserName: MicrosoftEdge, browserVersion: 139.0.3405.125, fedcm:accounts: true, goog:chromeOptions: {args: [--remote-allow-origins=*]}, ms:edgeOptions: {debuggerAddress: localhost:63386}, msedge: {msedgedriverVersion: 139.0.3405.125 (5d3aeaf5858..., userDataDir: C:\Users\selbot\AppData\Loc...}, networkConnectionEnabled: false, pageLoadStrategy: normal, platformName: Windows 10, proxy: Proxy(), se:bidiEnabled: false, se:cdp: ws://selenium4:4944/grid/re..., se:cdpVersion: 139.0.3405.125, setWindowRect: true, strictFileInteractability: false, timeouts: {implicit: 0, pageLoad: 300000, script: 30000}, unhandledPromptBehavior: dismiss and notify, webauthn:extension:credBlob: true, webauthn:extension:largeBlob: true, webauthn:extension:minPinLength: true, webauthn:extension:prf: true, webauthn:virtualAuthenticators: true}
Session ID: 291782a4c532087a3b06c29fa2d3cb26
com.ej.taf.core.ui.pages.widgets.AccountListElement.getWebElement(AccountListElement.java:100)
com.ej.taf.core.ui.pages.widgets.AccountListElement.getTextFromAttribute(AccountListElement.java:26)
com.edwardjones.platform_ui_tests.automation.teststeps.newtransfer.AccountItemSteps.lambda$getAccountListElement$7(AccountItemSteps.java:432)
com.edwardjones.platform_ui_tests.automation.teststeps.newtransfer.AccountItemSteps.getAccountListElement(AccountItemSteps.java:433)
com.edwardjones.platform_ui_tests.automation.teststeps.newtransfer.AccountItemSteps.verifyAcctRestricted(AccountItemSteps.java:81)
com.edwardjones.platform_ui_tests.automation.teststeps.PlatformFlowSteps.runTestFlowForIntoCheckDepositForRestrictedAccountFrom(PlatformFlowSteps.java:148)
com.edwardjones.platform_ui_tests.testcases.IntoCheckDepositRestrictionsNewAccountServicePart2.verifyRestrictedAccountsForExternalTransferForRuleID_352(IntoCheckDepositRestrictionsNewAccountServicePart2.java:141)
worker.org.gradle.process.internal.worker.GradleWorkerMain.run(GradleWorkerMain.java:69)
worker.org.gradle.process.internal.worker.GradleWorkerMain.main(GradleWorkerMain.java:74)
</system-err></testcase></testsuite>