<?xml version="1.0" encoding="UTF-8" standalone="no"?><testsuite errors="1" failures="0" name="com.edwardjones.platform_ui_tests.testcases.BetweenFlowToMarginLoanTest" skipped="0" tests="1" time="36.41" timestamp="2025-10-06 09:20:39"><testcase classname="com.edwardjones.platform_ui_tests.testcases.BetweenFlowToMarginLoanTest" name="TC08 Verify Between flow, CASH-&gt;SAME account NON-PURPOSE LOAN and no loan (feature toggle ON, 1-many transfer)"><error message="Expected condition failed: waiting for visibility of AssetsTypeRadioGroupWidget.assetTypesBlock (tried for 20 second(s) with 50 milliseconds interval)" type="org.openqa.selenium.TimeoutException">Expected condition failed: waiting for visibility of AssetsTypeRadioGroupWidget.assetTypesBlock (tried for 20 second(s) with 50 milliseconds interval)</error><system-err>Expected condition failed: waiting for visibility of AssetsTypeRadioGroupWidget.assetTypesBlock (tried for 20 second(s) with 50 milliseconds interval)
com.ej.taf.core.ui.pages.widgets.AssetsTypeRadioGroupWidget.waitForBlockToBeLoaded(AssetsTypeRadioGroupWidget.java:89)
com.ej.taf.core.ui.pages.widgets.AssetsTypeRadioGroupWidget.select(AssetsTypeRadioGroupWidget.java:65)
com.edwardjones.platform_ui_tests.automation.teststeps.newtransfer.AccountItemSteps.selectSubAcctType(AccountItemSteps.java:301)
com.edwardjones.platform_ui_tests.testcases.BetweenFlowToMarginLoanTest.runTestFlow(BetweenFlowToMarginLoanTest.java:772)
com.edwardjones.platform_ui_tests.testcases.BetweenFlowToMarginLoanTest.verifyFromCashToNonPurposeLoanWithNoLoanFtOn1toManySameAccount(BetweenFlowToMarginLoanTest.java:375)
worker.org.gradle.process.internal.worker.GradleWorkerMain.run(GradleWorkerMain.java:69)
worker.org.gradle.process.internal.worker.GradleWorkerMain.main(GradleWorkerMain.java:74)
</system-err></testcase></testsuite>