<?xml version="1.0" encoding="UTF-8" standalone="no"?><testsuite errors="1" failures="0" name="com.edwardjones.platform_ui_tests.testcases.NewTransactionForLinkedBankPart2Test" skipped="0" tests="1" time="72.31" timestamp="2025-10-06 10:27:10"><testcase classname="com.edwardjones.platform_ui_tests.testcases.NewTransactionForLinkedBankPart2Test" name="Card 2 - Display and Search for Linked Bank Accounts for 'INTO' flow"><error message="Error in reading data from DB2" type="com.edwardjones.database.exceptions.DbDataIsNotRetrievedException">Error in reading data from DB2</error><system-err>Error in reading data from DB2
com.edwardjones.database.helpers.Db2Helper.getResultSet(Db2Helper.java:69)
com.edwardjones.database.dataproviders.base.BaseTestDataProvider.readDb2Data(BaseTestDataProvider.java:119)
com.edwardjones.database.dataproviders.base.BaseTestDataProvider.readDb2Data(BaseTestDataProvider.java:106)
com.edwardjones.database.dataproviders.platform.SelectNonRestrictedAccountDb2TestDataProvider.readData(SelectNonRestrictedAccountDb2TestDataProvider.java:138)
com.edwardjones.database.dataproviders.platform.SelectNonRestrictedAccountDb2TestDataProvider.readData(SelectNonRestrictedAccountDb2TestDataProvider.java:111)
com.edwardjones.database.dataproviders.platform.SelectNonRestrictedAccountDb2TestDataProvider.readData(SelectNonRestrictedAccountDb2TestDataProvider.java:49)
com.edwardjones.database.dataproviders.platform.SelectNonRestrictedAccountDb2TestDataProvider.getRandomDataForSingleSelectAccount(SelectNonRestrictedAccountDb2TestDataProvider.java:207)
com.edwardjones.platform_ui_tests.automation.teststeps.DataRetrievalAndPreparationSteps.getSelectIndividualNonRestrictedEjAccount(DataRetrievalAndPreparationSteps.java:64)
com.edwardjones.platform_ui_tests.testcases.NewTransactionForLinkedBankPart2Test.setup(NewTransactionForLinkedBankPart2Test.java:73)
worker.org.gradle.process.internal.worker.GradleWorkerMain.run(GradleWorkerMain.java:69)
worker.org.gradle.process.internal.worker.GradleWorkerMain.main(GradleWorkerMain.java:74)
</system-err></testcase></testsuite>