<?xml version="1.0" encoding="UTF-8" standalone="no"?><testsuite errors="1" failures="0" name="com.edwardjones.platform_ui_tests.testcases.IntoCheckDepositRestrictionsNewAccountServicePart1" skipped="0" tests="1" time="65.67" timestamp="2025-10-06 10:32:19"><testcase classname="com.edwardjones.platform_ui_tests.testcases.IntoCheckDepositRestrictionsNewAccountServicePart1" name="Part 1 - Integrate New Account Service with Restrictions for Check Deposits, Add Inherited IRA Rule in Checks Transaction Rules - CCT_SVC_STAT_CD =T ACCT_SVC_TY_CD = GD"><error message="Error in reading data from DB2" type="com.edwardjones.database.exceptions.DbDataIsNotRetrievedException">Error in reading data from DB2</error><system-err>Error in reading data from DB2
com.edwardjones.database.helpers.Db2Helper.getResultSet(Db2Helper.java:69)
com.edwardjones.database.dataproviders.base.BaseTestDataProvider.readDb2Data(BaseTestDataProvider.java:119)
com.edwardjones.database.dataproviders.base.BaseTestDataProvider.readDb2Data(BaseTestDataProvider.java:106)
com.edwardjones.database.dataproviders.platform.EjAccountsFilteredVyOwnRuleIdAndRestrictionsDb2TestDataProvider.executeQuery(EjAccountsFilteredVyOwnRuleIdAndRestrictionsDb2TestDataProvider.java:368)
com.edwardjones.database.dataproviders.platform.EjAccountsFilteredVyOwnRuleIdAndRestrictionsDb2TestDataProvider.readEjAccountsDataForOwnershipRuleIdWithNoRestrictions(EjAccountsFilteredVyOwnRuleIdAndRestrictionsDb2TestDataProvider.java:115)
com.edwardjones.database.dataproviders.platform.EjAccountsFilteredVyOwnRuleIdAndRestrictionsDb2TestDataProvider.readEjAccountsDataForOwnershipRuleIdSvcTyCdAndSvcStatCd(EjAccountsFilteredVyOwnRuleIdAndRestrictionsDb2TestDataProvider.java:149)
com.edwardjones.database.dataproviders.platform.EjAccountsFilteredVyOwnRuleIdAndRestrictionsDb2TestDataProvider.readRandomEjAccountsDataForOwnershipRuleIdWithOutRestrictions(EjAccountsFilteredVyOwnRuleIdAndRestrictionsDb2TestDataProvider.java:395)
com.edwardjones.platform_ui_tests.testcases.IntoCheckDepositRestrictionsNewAccountServicePart1.verifyRestrictedAccountsForExternalTransferForCCTSVCSTCD_T_AndACCTSVCTYCD_GD(IntoCheckDepositRestrictionsNewAccountServicePart1.java:85)
worker.org.gradle.process.internal.worker.GradleWorkerMain.run(GradleWorkerMain.java:69)
worker.org.gradle.process.internal.worker.GradleWorkerMain.main(GradleWorkerMain.java:74)
</system-err></testcase></testsuite>