<?xml version="1.0" encoding="UTF-8" standalone="no"?><testsuite errors="6" failures="0" name="com.edwardjones.platform_ui_tests.testcases.IntoLinkedBankNonDisabledEDJAccountsPart1Test" skipped="0" tests="7" time="50.72" timestamp="2025-10-06 10:39:44"><testcase classname="com.edwardjones.platform_ui_tests.testcases.IntoLinkedBankNonDisabledEDJAccountsPart1Test" name="verifyNonRestrictedAccountsForIntoLinkedBank(TransfersTestData)"><error message="Unable to find session with ID: 0d4cad5617d5d3a0a7655cf30a781d2e&#10;Build info: version: '4.20.0', revision: '866c76ca80'&#10;System info: os.name: 'Windows Server 2016', os.arch: 'amd64', os.version: '10.0', java.version: '17.0.8'&#10;Driver info: driver.version: unknown&#10;Build info: version: '4.21.0', revision: '79ed462ef4'&#10;System info: os.name: 'Linux', os.arch: 'amd64', os.version: '4.18.0-553.51.1.el8_10.x86_64', java.version: '17.0.1'&#10;Driver info: org.openqa.selenium.remote.RemoteWebDriver&#10;Command: [0d4cad5617d5d3a0a7655cf30a781d2e, get {url=https://amc-web.apps2.uat.edwardjones.com/transfers/new/?relationshipId=68928486}]&#10;Capabilities {acceptInsecureCerts: false, browserName: MicrosoftEdge, browserVersion: 139.0.3405.125, fedcm:accounts: true, goog:chromeOptions: {args: [--remote-allow-origins=*]}, ms:edgeOptions: {debuggerAddress: localhost:60785}, msedge: {msedgedriverVersion: 139.0.3405.125 (5d3aeaf5858..., userDataDir: C:\Users\selbot\AppData\Loc...}, networkConnectionEnabled: false, pageLoadStrategy: normal, platformName: Windows 10, proxy: Proxy(), se:bidiEnabled: false, se:cdp: ws://selenium4:4944/grid/re..., se:cdpVersion: 139.0.3405.125, setWindowRect: true, strictFileInteractability: false, timeouts: {implicit: 0, pageLoad: 300000, script: 30000}, unhandledPromptBehavior: dismiss and notify, webauthn:extension:credBlob: true, webauthn:extension:largeBlob: true, webauthn:extension:minPinLength: true, webauthn:extension:prf: true, webauthn:virtualAuthenticators: true}&#10;Session ID: 0d4cad5617d5d3a0a7655cf30a781d2e" type="org.openqa.selenium.NoSuchSessionException">Unable to find session with ID: 0d4cad5617d5d3a0a7655cf30a781d2e
Build info: version: '4.20.0', revision: '866c76ca80'
System info: os.name: 'Windows Server 2016', os.arch: 'amd64', os.version: '10.0', java.version: '17.0.8'
Driver info: driver.version: unknown
Build info: version: '4.21.0', revision: '79ed462ef4'
System info: os.name: 'Linux', os.arch: 'amd64', os.version: '4.18.0-553.51.1.el8_10.x86_64', java.version: '17.0.1'
Driver info: org.openqa.selenium.remote.RemoteWebDriver
Command: [0d4cad5617d5d3a0a7655cf30a781d2e, get {url=https://amc-web.apps2.uat.edwardjones.com/transfers/new/?relationshipId=68928486}]
Capabilities {acceptInsecureCerts: false, browserName: MicrosoftEdge, browserVersion: 139.0.3405.125, fedcm:accounts: true, goog:chromeOptions: {args: [--remote-allow-origins=*]}, ms:edgeOptions: {debuggerAddress: localhost:60785}, msedge: {msedgedriverVersion: 139.0.3405.125 (5d3aeaf5858..., userDataDir: C:\Users\selbot\AppData\Loc...}, networkConnectionEnabled: false, pageLoadStrategy: normal, platformName: Windows 10, proxy: Proxy(), se:bidiEnabled: false, se:cdp: ws://selenium4:4944/grid/re..., se:cdpVersion: 139.0.3405.125, setWindowRect: true, strictFileInteractability: false, timeouts: {implicit: 0, pageLoad: 300000, script: 30000}, unhandledPromptBehavior: dismiss and notify, webauthn:extension:credBlob: true, webauthn:extension:largeBlob: true, webauthn:extension:minPinLength: true, webauthn:extension:prf: true, webauthn:virtualAuthenticators: true}
Session ID: 0d4cad5617d5d3a0a7655cf30a781d2e</error><system-err>Unable to find session with ID: 0d4cad5617d5d3a0a7655cf30a781d2e
Build info: version: '4.20.0', revision: '866c76ca80'
System info: os.name: 'Windows Server 2016', os.arch: 'amd64', os.version: '10.0', java.version: '17.0.8'
Driver info: driver.version: unknown
Build info: version: '4.21.0', revision: '79ed462ef4'
System info: os.name: 'Linux', os.arch: 'amd64', os.version: '4.18.0-553.51.1.el8_10.x86_64', java.version: '17.0.1'
Driver info: org.openqa.selenium.remote.RemoteWebDriver
Command: [0d4cad5617d5d3a0a7655cf30a781d2e, get {url=https://amc-web.apps2.uat.edwardjones.com/transfers/new/?relationshipId=68928486}]
Capabilities {acceptInsecureCerts: false, browserName: MicrosoftEdge, browserVersion: 139.0.3405.125, fedcm:accounts: true, goog:chromeOptions: {args: [--remote-allow-origins=*]}, ms:edgeOptions: {debuggerAddress: localhost:60785}, msedge: {msedgedriverVersion: 139.0.3405.125 (5d3aeaf5858..., userDataDir: C:\Users\selbot\AppData\Loc...}, networkConnectionEnabled: false, pageLoadStrategy: normal, platformName: Windows 10, proxy: Proxy(), se:bidiEnabled: false, se:cdp: ws://selenium4:4944/grid/re..., se:cdpVersion: 139.0.3405.125, setWindowRect: true, strictFileInteractability: false, timeouts: {implicit: 0, pageLoad: 300000, script: 30000}, unhandledPromptBehavior: dismiss and notify, webauthn:extension:credBlob: true, webauthn:extension:largeBlob: true, webauthn:extension:minPinLength: true, webauthn:extension:prf: true, webauthn:virtualAuthenticators: true}
Session ID: 0d4cad5617d5d3a0a7655cf30a781d2e
com.edwardjones.platform_ui_tests.automation.teststeps.newtransfer.NewTransferSteps.openNewTransferPage(NewTransferSteps.java:61)
com.edwardjones.platform_ui_tests.automation.teststeps.AccountsSteps.newTransferSetup(AccountsSteps.java:201)
com.edwardjones.platform_ui_tests.testcases.IntoLinkedBankNonDisabledEDJAccountsPart1Test.verifyNonRestrictedAccountsForIntoLinkedBank(IntoLinkedBankNonDisabledEDJAccountsPart1Test.java:77)
worker.org.gradle.process.internal.worker.GradleWorkerMain.run(GradleWorkerMain.java:69)
worker.org.gradle.process.internal.worker.GradleWorkerMain.main(GradleWorkerMain.java:74)
</system-err></testcase></testsuite>