<?xml version="1.0" encoding="UTF-8" standalone="no"?><testsuite errors="0" failures="1" name="com.edwardjones.platform_ui_tests.testcases.BetweenSelectAccountTypeForEJAccount" skipped="0" tests="1" time="38.85" timestamp="2025-10-06 09:12:40"><testcase classname="com.edwardjones.platform_ui_tests.testcases.BetweenSelectAccountTypeForEJAccount" name="Select account type (cash, margin, non-purpose loan) for EDJ account, Disable/Enable Margin and Non-purpose loan types for Between Flow(Sub Accounts) Accounts: Cash only and Cash/Margin/loan"><failure message="&#10;expected: false&#10; but was: true" type="org.opentest4j.AssertionFailedError">
expected: false
 but was: true</failure><system-err>
expected: false
 but was: true
com.edwardjones.automation.steps.newOldUiManagement.NewUiCardManagementActions.verifyToAccountCardIsDisabled(NewUiCardManagementActions.java:366)
com.edwardjones.platform_ui_tests.automation.teststeps.newtransfer.ChooseToAccountSteps.verifyCardIsDisabled(ChooseToAccountSteps.java:34)
com.edwardjones.platform_ui_tests.testcases.BetweenSelectAccountTypeForEJAccount.testBetweenFlowForCashOnlyAndMarginLoanAccounts(BetweenSelectAccountTypeForEJAccount.java:59)
worker.org.gradle.process.internal.worker.GradleWorkerMain.run(GradleWorkerMain.java:69)
worker.org.gradle.process.internal.worker.GradleWorkerMain.main(GradleWorkerMain.java:74)
</system-err></testcase></testsuite>