<?xml version="1.0" encoding="UTF-8" standalone="no"?><testsuite errors="1" failures="0" name="com.edwardjones.platform_ui_tests.testcases.BetweenRetirementAccountToAccountTransferToggleOn" skipped="0" tests="1" time="104.47" timestamp="2025-10-06 10:16:14"><testcase classname="com.edwardjones.platform_ui_tests.testcases.BetweenRetirementAccountToAccountTransferToggleOn" name="Between flow: accounts are enabled for - From 313 rule ID to 308 rule ID, different SSN"><error message="Expected condition failed: waiting for Account 99798458 should be present in 'Account From' list (tried for 20 second(s) with 500 milliseconds interval)&#10;Build info: version: '4.21.0', revision: '79ed462ef4'&#10;System info: os.name: 'Linux', os.arch: 'amd64', os.version: '4.18.0-553.51.1.el8_10.x86_64', java.version: '17.0.1'&#10;Driver info: net.thucydides.core.webdriver.WebDriverFacade" type="org.openqa.selenium.TimeoutException">Expected condition failed: waiting for Account 99798458 should be present in 'Account From' list (tried for 20 second(s) with 500 milliseconds interval)
Build info: version: '4.21.0', revision: '79ed462ef4'
System info: os.name: 'Linux', os.arch: 'amd64', os.version: '4.18.0-553.51.1.el8_10.x86_64', java.version: '17.0.1'
Driver info: net.thucydides.core.webdriver.WebDriverFacade</error><system-err>Expected condition failed: waiting for Account 99798458 should be present in 'Account From' list (tried for 20 second(s) with 500 milliseconds interval)
Build info: version: '4.21.0', revision: '79ed462ef4'
System info: os.name: 'Linux', os.arch: 'amd64', os.version: '4.18.0-553.51.1.el8_10.x86_64', java.version: '17.0.1'
Driver info: net.thucydides.core.webdriver.WebDriverFacade
com.ej.taf.core.ui.pages.BasePageObject.waitForListElement(BasePageObject.java:91)
com.ej.taf.core.ui.pages.widgets.SearchAccountWidget.waitForPresenceOfAccountInList(SearchAccountWidget.java:76)
com.ej.taf.core.ui.pages.widgets.SearchAccountWidget.ensureAccountIsSelected(SearchAccountWidget.java:156)
com.edwardjones.platform_ui_tests.automation.teststeps.newtransfer.AccountItemSteps.searchForAccountAndSelect(AccountItemSteps.java:517)
com.edwardjones.platform_ui_tests.automation.teststeps.PlatformFlowSteps.runTestFlowBetweenTransferAndVerifyRestrictionForAccountTo(PlatformFlowSteps.java:261)
com.edwardjones.platform_ui_tests.testcases.BetweenRetirementAccountToAccountTransferToggleOn.runTestFlow(BetweenRetirementAccountToAccountTransferToggleOn.java:504)
com.edwardjones.platform_ui_tests.testcases.BetweenRetirementAccountToAccountTransferToggleOn.runTestFlow(BetweenRetirementAccountToAccountTransferToggleOn.java:496)
com.edwardjones.platform_ui_tests.testcases.BetweenRetirementAccountToAccountTransferToggleOn.verifyBetweenFlow313To308DifferentSsn(BetweenRetirementAccountToAccountTransferToggleOn.java:467)
worker.org.gradle.process.internal.worker.GradleWorkerMain.run(GradleWorkerMain.java:69)
worker.org.gradle.process.internal.worker.GradleWorkerMain.main(GradleWorkerMain.java:74)
</system-err></testcase></testsuite>