<?xml version="1.0" encoding="UTF-8" standalone="no"?><testsuite errors="1" failures="0" name="com.edwardjones.platform_ui_tests.testcases.IntoLinkedBankNavigateBacktoCard1" skipped="0" tests="1" time="61.17" timestamp="2025-10-06 09:42:58"><testcase classname="com.edwardjones.platform_ui_tests.testcases.IntoLinkedBankNavigateBacktoCard1" name="Validate that Navigating back to Card1 does not reset data "><error message="Expected condition failed: waiting for element to be clickable: NewTransactionFooter.primaryButton (tried for 20 second(s) with 50 milliseconds interval)&#10;Build info: version: '4.21.0', revision: '79ed462ef4'&#10;System info: os.name: 'Linux', os.arch: 'amd64', os.version: '4.18.0-553.51.1.el8_10.x86_64', java.version: '17.0.1'&#10;Driver info: driver.version: unknown" type="org.openqa.selenium.TimeoutException">Expected condition failed: waiting for element to be clickable: NewTransactionFooter.primaryButton (tried for 20 second(s) with 50 milliseconds interval)
Build info: version: '4.21.0', revision: '79ed462ef4'
System info: os.name: 'Linux', os.arch: 'amd64', os.version: '4.18.0-553.51.1.el8_10.x86_64', java.version: '17.0.1'
Driver info: driver.version: unknown</error><system-err>Expected condition failed: waiting for element to be clickable: NewTransactionFooter.primaryButton (tried for 20 second(s) with 50 milliseconds interval)
Build info: version: '4.21.0', revision: '79ed462ef4'
System info: os.name: 'Linux', os.arch: 'amd64', os.version: '4.18.0-553.51.1.el8_10.x86_64', java.version: '17.0.1'
Driver info: driver.version: unknown
com.edwardjones.automation.pages_elements.transaction_progresser.NewTransactionFooter.clickPrimaryButton(NewTransactionFooter.java:125)
com.edwardjones.automation.steps.newtransaction_progresser.NewTransactionSteps_PGR.clickNext(NewTransactionSteps_PGR.java:63)
com.edwardjones.automation.steps.newOldUiManagement.NewUiCardManagementActions.goToNextCard(NewUiCardManagementActions.java:41)
com.edwardjones.platform_ui_tests.automation.teststeps.newtransfer.NewTransferSteps.clickContinue(NewTransferSteps.java:332)
com.edwardjones.platform_ui_tests.testcases.IntoLinkedBankNavigateBacktoCard1.verifyIntoLinkedBankNavigatingBackToCard1(IntoLinkedBankNavigateBacktoCard1.java:70)
worker.org.gradle.process.internal.worker.GradleWorkerMain.run(GradleWorkerMain.java:69)
worker.org.gradle.process.internal.worker.GradleWorkerMain.main(GradleWorkerMain.java:74)
</system-err></testcase></testsuite>