<?xml version="1.0" encoding="UTF-8" standalone="no"?><testsuite errors="1" failures="0" name="com.edwardjones.platform_ui_tests.testcases.BetweenRetirementAccountToAccountTransferToggleOn" skipped="0" tests="1" time="65.34" timestamp="2025-10-06 10:29:43"><testcase classname="com.edwardjones.platform_ui_tests.testcases.BetweenRetirementAccountToAccountTransferToggleOn" name="Between flow: accounts are enabled for - From 313 rule ID to 313 rule ID, the Same SSN"><error message="Error in reading data from DB2" type="com.edwardjones.database.exceptions.DbDataIsNotRetrievedException">Error in reading data from DB2</error><system-err>Error in reading data from DB2
com.edwardjones.database.helpers.Db2Helper.getResultSet(Db2Helper.java:69)
com.edwardjones.database.dataproviders.base.BaseTestDataProvider.readDb2Data(BaseTestDataProvider.java:119)
com.edwardjones.database.dataproviders.base.BaseTestDataProvider.readDb2Data(BaseTestDataProvider.java:106)
com.edwardjones.database.dataproviders.platform.BetweenFlowDb2TestDataProvider.readDataForRelationships(BetweenFlowDb2TestDataProvider.java:372)
com.edwardjones.database.dataproviders.platform.BetweenFlowDb2TestDataProvider.readDataForRelationships(BetweenFlowDb2TestDataProvider.java:363)
com.edwardjones.database.dataproviders.platform.BetweenFlowDb2TestDataProvider.readDataPart1(BetweenFlowDb2TestDataProvider.java:296)
com.edwardjones.database.dataproviders.platform.BetweenFlowDb2TestDataProvider.getData(BetweenFlowDb2TestDataProvider.java:265)
com.edwardjones.database.dataproviders.platform.BetweenFlowDb2TestDataProvider.getData(BetweenFlowDb2TestDataProvider.java:220)
com.edwardjones.platform_ui_tests.testcases.BetweenRetirementAccountToAccountTransferToggleOn.verifyBetweenFlow313To313SameSsn(BetweenRetirementAccountToAccountTransferToggleOn.java:380)
worker.org.gradle.process.internal.worker.GradleWorkerMain.run(GradleWorkerMain.java:69)
worker.org.gradle.process.internal.worker.GradleWorkerMain.main(GradleWorkerMain.java:74)
</system-err></testcase></testsuite>