<?xml version="1.0" encoding="UTF-8" standalone="no"?><testsuite errors="1" failures="0" name="com.edwardjones.platform_ui_tests.testcases.BetweenFlowToMarginLoanTest" skipped="0" tests="1" time="40.94" timestamp="2025-10-06 09:22:59"><testcase classname="com.edwardjones.platform_ui_tests.testcases.BetweenFlowToMarginLoanTest" name="TC05 Verify Between flow, CASH-&gt;NON-PURPOSE LOAN and no loan (feature toggle ON, 1-many transfer)"><error message="Expected condition failed: waiting for visibility of AssetsTypeRadioGroupWidget.assetTypesBlock (tried for 20 second(s) with 50 milliseconds interval)" type="org.openqa.selenium.TimeoutException">Expected condition failed: waiting for visibility of AssetsTypeRadioGroupWidget.assetTypesBlock (tried for 20 second(s) with 50 milliseconds interval)</error><system-err>Expected condition failed: waiting for visibility of AssetsTypeRadioGroupWidget.assetTypesBlock (tried for 20 second(s) with 50 milliseconds interval)
com.ej.taf.core.ui.pages.widgets.AssetsTypeRadioGroupWidget.waitForBlockToBeLoaded(AssetsTypeRadioGroupWidget.java:89)
com.ej.taf.core.ui.pages.widgets.AssetsTypeRadioGroupWidget.isDisabled(AssetsTypeRadioGroupWidget.java:50)
com.edwardjones.platform_ui_tests.automation.teststeps.newtransfer.AccountItemSteps.isCashAcctTypeDisabled(AccountItemSteps.java:311)
com.edwardjones.platform_ui_tests.testcases.BetweenFlowToMarginLoanTest.runTestFlow(BetweenFlowToMarginLoanTest.java:800)
com.edwardjones.platform_ui_tests.testcases.BetweenFlowToMarginLoanTest.verifyFromCashToNonPurposeLoanWithNoLoanFtOn1toMany(BetweenFlowToMarginLoanTest.java:275)
worker.org.gradle.process.internal.worker.GradleWorkerMain.run(GradleWorkerMain.java:69)
worker.org.gradle.process.internal.worker.GradleWorkerMain.main(GradleWorkerMain.java:74)
</system-err></testcase></testsuite>