<?xml version="1.0" encoding="UTF-8" standalone="no"?><testsuite errors="1" failures="0" name="com.edwardjones.platform_ui_tests.testcases.IntoLinkedBankLimitationsDisabledEDJAccounts" skipped="0" tests="1" time="65.12" timestamp="2025-10-06 10:20:08"><testcase classname="com.edwardjones.platform_ui_tests.testcases.IntoLinkedBankLimitationsDisabledEDJAccounts" name="'Into' EJ Account transfer: Verify Deceased"><error message="Error in reading data from DB2" type="com.edwardjones.database.exceptions.DbDataIsNotRetrievedException">Error in reading data from DB2</error><system-err>Error in reading data from DB2
com.edwardjones.database.helpers.Db2Helper.getResultSet(Db2Helper.java:69)
com.edwardjones.database.dataproviders.base.BaseTestDataProvider.readDb2Data(BaseTestDataProvider.java:119)
com.edwardjones.database.dataproviders.base.BaseTestDataProvider.readDb2Data(BaseTestDataProvider.java:106)
com.edwardjones.database.dataproviders.platform.EjAccountsFilteredVyOwnRuleIdAndRestrictionsDb2TestDataProvider.executeQuery(EjAccountsFilteredVyOwnRuleIdAndRestrictionsDb2TestDataProvider.java:368)
com.edwardjones.database.dataproviders.platform.EjAccountsFilteredVyOwnRuleIdAndRestrictionsDb2TestDataProvider.readEjAccountsDataForDeceasedOwner(EjAccountsFilteredVyOwnRuleIdAndRestrictionsDb2TestDataProvider.java:198)
com.edwardjones.database.dataproviders.platform.EjAccountsFilteredVyOwnRuleIdAndRestrictionsDb2TestDataProvider.readEjAccountsDataForDeceasedOwner(EjAccountsFilteredVyOwnRuleIdAndRestrictionsDb2TestDataProvider.java:279)
com.edwardjones.database.dataproviders.platform.BankProfileTestDataProvider.getAccountWithBankProfileAndDeceasedOwnedTestData(BankProfileTestDataProvider.java:154)
com.edwardjones.platform_ui_tests.testcases.IntoLinkedBankLimitationsDisabledEDJAccounts.verifyDeceasedOwner(IntoLinkedBankLimitationsDisabledEDJAccounts.java:127)
worker.org.gradle.process.internal.worker.GradleWorkerMain.run(GradleWorkerMain.java:69)
worker.org.gradle.process.internal.worker.GradleWorkerMain.main(GradleWorkerMain.java:74)
</system-err></testcase></testsuite>