<?xml version="1.0" encoding="UTF-8" standalone="no"?><testsuite errors="0" failures="1" name="com.edwardjones.platform_ui_tests.testcases.IntoCheckDepositSelectMultipleAccounts" skipped="0" tests="1" time="36.69" timestamp="2025-10-06 10:38:19"><testcase classname="com.edwardjones.platform_ui_tests.testcases.IntoCheckDepositSelectMultipleAccounts" name="Enable/disable depositing one check into multiple accounts under the feature toggle - For Select Roth IRA"><failure message="&#10;expected: true&#10; but was: false" type="org.opentest4j.AssertionFailedError">
expected: true
 but was: false</failure><system-err>
expected: true
 but was: false
com.edwardjones.platform_ui_tests.automation.teststeps.newtransfer.ChooseFromAccountSteps.verifyCheckBoxDisplayed(ChooseFromAccountSteps.java:182)
com.edwardjones.platform_ui_tests.testcases.IntoCheckDepositSelectMultipleAccounts.runTestFlow(IntoCheckDepositSelectMultipleAccounts.java:92)
com.edwardjones.platform_ui_tests.testcases.IntoCheckDepositSelectMultipleAccounts.verifyMultipleAccountsCheckDepositForSelectRothIRA(IntoCheckDepositSelectMultipleAccounts.java:84)
worker.org.gradle.process.internal.worker.GradleWorkerMain.run(GradleWorkerMain.java:69)
worker.org.gradle.process.internal.worker.GradleWorkerMain.main(GradleWorkerMain.java:74)
</system-err></testcase></testsuite>