<?xml version="1.0" encoding="UTF-8" standalone="no"?><testsuite errors="1" failures="0" name="com.edwardjones.platform_ui_tests.testcases.ChecksOutsideAccountsSecondaryActivityTest" skipped="0" tests="1" time="33.37" timestamp="2025-10-06 09:31:58"><testcase classname="com.edwardjones.platform_ui_tests.testcases.ChecksOutsideAccountsSecondaryActivityTest" name="Validate how 1-to-many Check deposit is presented in activity feed for relationships of primary and non-primary accounts (accounts belong to different branches)"><error message="Cannot invoke &quot;com.edwardjones.apicore.services.domain.c21Scanref.getChecksTransactionsByAccounts.response.GetChecksTransactionsByAccountsResponse.getCreationTs()&quot; because &quot;expectedFullTransactionData&quot; is null" type="java.lang.NullPointerException">Cannot invoke "com.edwardjones.apicore.services.domain.c21Scanref.getChecksTransactionsByAccounts.response.GetChecksTransactionsByAccountsResponse.getCreationTs()" because "expectedFullTransactionData" is null</error><system-err>Cannot invoke "com.edwardjones.apicore.services.domain.c21Scanref.getChecksTransactionsByAccounts.response.GetChecksTransactionsByAccountsResponse.getCreationTs()" because "expectedFullTransactionData" is null
com.edwardjones.platform_ui_tests.testcases.ChecksOutsideAccountsSecondaryActivityTest.filterActivityAndValidateFullInformation(ChecksOutsideAccountsSecondaryActivityTest.java:121)
com.edwardjones.platform_ui_tests.testcases.ChecksOutsideAccountsSecondaryActivityTest.testForDifferentBranches(ChecksOutsideAccountsSecondaryActivityTest.java:111)
</system-err></testcase></testsuite>