<?xml version="1.0" encoding="UTF-8" standalone="no"?><testsuite errors="1" failures="0" name="com.edwardjones.platform_ui_tests.testcases.OutOfRestrictionsNewServicePart4Test" skipped="0" tests="1" time="65.09" timestamp="2025-10-06 10:34:28"><testcase classname="com.edwardjones.platform_ui_tests.testcases.OutOfRestrictionsNewServicePart4Test" name="Integrate New Account Service with Restrictions for ACH Transfers - 301 Rule IDChange applicable messaging in amc-rule-svc for ACH rules for QP/Pooled Plans and remove expired Rule IDs"><error message="Error in reading data from DB2" type="com.edwardjones.database.exceptions.DbDataIsNotRetrievedException">Error in reading data from DB2</error><system-err>Error in reading data from DB2
com.edwardjones.database.helpers.Db2Helper.getResultSet(Db2Helper.java:69)
com.edwardjones.database.dataproviders.base.BaseTestDataProvider.readDb2Data(BaseTestDataProvider.java:119)
com.edwardjones.database.dataproviders.base.BaseTestDataProvider.readDb2Data(BaseTestDataProvider.java:106)
com.edwardjones.database.dataproviders.platform.EjAccountsWithRuleIdDb2TestDataProvider.readData(EjAccountsWithRuleIdDb2TestDataProvider.java:101)
com.edwardjones.database.dataproviders.platform.EjAccountsWithRuleIdDb2TestDataProvider.readData(EjAccountsWithRuleIdDb2TestDataProvider.java:74)
com.edwardjones.database.dataproviders.platform.EjAccountsWithRuleIdDb2TestDataProvider.readEjAccountsDataForRuleId(EjAccountsWithRuleIdDb2TestDataProvider.java:30)
com.edwardjones.database.dataproviders.platform.EjAccountsWithRuleIdDb2TestDataProvider.readRandomEjAccountsData(EjAccountsWithRuleIdDb2TestDataProvider.java:129)
com.edwardjones.platform_ui_tests.testcases.OutOfRestrictionsNewServicePart4Test.verifyRestrictedAccountsForOutOfFlowNewServiceFlowFor301RuleID(OutOfRestrictionsNewServicePart4Test.java:51)
worker.org.gradle.process.internal.worker.GradleWorkerMain.run(GradleWorkerMain.java:69)
worker.org.gradle.process.internal.worker.GradleWorkerMain.main(GradleWorkerMain.java:74)
</system-err></testcase></testsuite>