<?xml version="1.0" encoding="UTF-8" standalone="no"?><testsuite errors="1" failures="0" name="com.edwardjones.platform_ui_tests.testcases.BetweenVerifyWhoInitiatedTransfer" skipped="0" tests="1" time="70.34" timestamp="2025-10-06 09:20:26"><testcase classname="com.edwardjones.platform_ui_tests.testcases.BetweenVerifyWhoInitiatedTransfer" name="Display Total Account Value/cash for the selected EDJ account in To and From in the New Transaction Page"><error message="Expected condition failed: waiting for Account 44511136 should be present in 'Account From' list (tried for 20 second(s) with 500 milliseconds interval)" type="org.openqa.selenium.TimeoutException">Expected condition failed: waiting for Account 44511136 should be present in 'Account From' list (tried for 20 second(s) with 500 milliseconds interval)</error><system-err>Expected condition failed: waiting for Account 44511136 should be present in 'Account From' list (tried for 20 second(s) with 500 milliseconds interval)
com.ej.taf.core.ui.pages.BasePageObject.waitForListElement(BasePageObject.java:91)
com.ej.taf.core.ui.pages.widgets.SearchAccountWidget.waitForPresenceOfAccountInList(SearchAccountWidget.java:76)
com.ej.taf.core.ui.pages.widgets.SearchAccountWidget.ensureAccountIsSelected(SearchAccountWidget.java:156)
com.edwardjones.platform_ui_tests.automation.teststeps.newtransfer.AccountItemSteps.searchForAccountAndSelect(AccountItemSteps.java:517)
com.edwardjones.platform_ui_tests.testcases.BetweenVerifyWhoInitiatedTransfer.displayAccountCashValueInFromAndToCardsNewTransaction(BetweenVerifyWhoInitiatedTransfer.java:226)
worker.org.gradle.process.internal.worker.GradleWorkerMain.run(GradleWorkerMain.java:69)
worker.org.gradle.process.internal.worker.GradleWorkerMain.main(GradleWorkerMain.java:74)
</system-err></testcase></testsuite>