<?xml version="1.0" encoding="UTF-8" standalone="no"?><testsuite errors="1" failures="0" name="com.edwardjones.platform_ui_tests.testcases.VerifyButtonNameOnConfirmationScreenAfterTransfer" skipped="0" tests="1" time="56.13" timestamp="2025-10-06 10:47:09"><testcase classname="com.edwardjones.platform_ui_tests.testcases.VerifyButtonNameOnConfirmationScreenAfterTransfer" name="Verify a new pop up with 2 buttons &quot;New Transaction&quot; and &quot;View Recent Activity&quot; are displaying upon Branch user clicking  on &quot;Yes, Submit Transfer&quot; button on Verify &amp; Submit screen during the ACH In transaction (One time)"><error message="Expected condition failed: waiting for Account ****5069 should be present in 'Account From' list (tried for 20 second(s) with 500 milliseconds interval)" type="org.openqa.selenium.TimeoutException">Expected condition failed: waiting for Account ****5069 should be present in 'Account From' list (tried for 20 second(s) with 500 milliseconds interval)</error><system-err>Expected condition failed: waiting for Account ****5069 should be present in 'Account From' list (tried for 20 second(s) with 500 milliseconds interval)
com.ej.taf.core.ui.pages.BasePageObject.waitForListElement(BasePageObject.java:91)
com.ej.taf.core.ui.pages.widgets.SearchAccountWidget.waitForPresenceOfAccountInList(SearchAccountWidget.java:76)
com.ej.taf.core.ui.pages.widgets.SearchAccountWidget.ensureAccountIsSelected(SearchAccountWidget.java:156)
com.edwardjones.platform_ui_tests.automation.teststeps.newtransfer.AccountItemSteps.searchForAccountAndSelect(AccountItemSteps.java:517)
com.edwardjones.platform_ui_tests.testcases.VerifyButtonNameOnConfirmationScreenAfterTransfer.verifyButtonRenameOnConfirmationPageOnDemand(VerifyButtonNameOnConfirmationScreenAfterTransfer.java:66)
worker.org.gradle.process.internal.worker.GradleWorkerMain.run(GradleWorkerMain.java:69)
worker.org.gradle.process.internal.worker.GradleWorkerMain.main(GradleWorkerMain.java:74)
</system-err></testcase></testsuite>