<?xml version="1.0" encoding="UTF-8" standalone="no"?><testsuite errors="0" failures="1" name="com.edwardjones.platform_ui_tests.testcases.AccountAutoSelectNegativeTest" skipped="0" tests="1" time="28.77" timestamp="2025-10-06 09:02:40"><testcase classname="com.edwardjones.platform_ui_tests.testcases.AccountAutoSelectNegativeTest" name="Into Flow: Multiple External Bank Accounts are not auto selected"><failure message="&#10;expected: false&#10; but was: true" type="org.opentest4j.AssertionFailedError">
expected: false
 but was: true</failure><system-err>
expected: false
 but was: true
com.edwardjones.platform_ui_tests.automation.teststeps.newtransfer.SearchAccountSteps.verifyAnyAccountIsSelected(SearchAccountSteps.java:318)
com.edwardjones.platform_ui_tests.testcases.AccountAutoSelectNegativeTest.testIntoFlowFromBankAccounts(AccountAutoSelectNegativeTest.java:89)
worker.org.gradle.process.internal.worker.GradleWorkerMain.run(GradleWorkerMain.java:69)
worker.org.gradle.process.internal.worker.GradleWorkerMain.main(GradleWorkerMain.java:74)
</system-err></testcase></testsuite>