<?xml version="1.0" encoding="UTF-8" standalone="no"?><testsuite errors="1" failures="0" name="com.edwardjones.platform_ui_tests.testcases.ChecksSearchByNameOutsideRelAccRestrictedTest" skipped="0" tests="1" time="64.07" timestamp="2025-10-06 09:27:16"><testcase classname="com.edwardjones.platform_ui_tests.testcases.ChecksSearchByNameOutsideRelAccRestrictedTest" name="UI/QA - Check Deposit - Search for account outside of relationship UI/QA - Check Deposit - Add outside relationship account to Card 3 UI/QA - Check Deposits - Select account outside of relationship/selected account disabled Verify Second Account is Restricted when Added from Contact Widget -GSFundRetiremenAndSelectNonRetirement "><error message="Expected condition failed: waiting for net.serenitybdd.core.pages.RenderedPageObjectView$$Lambda$1291/0x00000008012b1c18@10f3af38 (tried for 20 second(s) with 50 milliseconds interval)&#10;Build info: version: '4.21.0', revision: '79ed462ef4'&#10;System info: os.name: 'Linux', os.arch: 'amd64', os.version: '4.18.0-553.51.1.el8_10.x86_64', java.version: '17.0.1'&#10;Driver info: driver.version: unknown" type="org.openqa.selenium.TimeoutException">Expected condition failed: waiting for net.serenitybdd.core.pages.RenderedPageObjectView$$Lambda$1291/0x00000008012b1c18@10f3af38 (tried for 20 second(s) with 50 milliseconds interval)
Build info: version: '4.21.0', revision: '79ed462ef4'
System info: os.name: 'Linux', os.arch: 'amd64', os.version: '4.18.0-553.51.1.el8_10.x86_64', java.version: '17.0.1'
Driver info: driver.version: unknown</error><system-err>Expected condition failed: waiting for net.serenitybdd.core.pages.RenderedPageObjectView$$Lambda$1291/0x00000008012b1c18@10f3af38 (tried for 20 second(s) with 50 milliseconds interval)
Build info: version: '4.21.0', revision: '79ed462ef4'
System info: os.name: 'Linux', os.arch: 'amd64', os.version: '4.18.0-553.51.1.el8_10.x86_64', java.version: '17.0.1'
Driver info: driver.version: unknown
com.ej.taf.core.ui.pages.TransferDetailsCard.addAnotherAccountSearchBar(TransferDetailsCard.java:325)
com.ej.taf.core.ui.pages.TransferDetailsCard.addAnotherAccountViaSearchBar(TransferDetailsCard.java:364)
com.ej.taf.core.ui.pages.TransferDetailsCard.addAnotherAccountViaWidget(TransferDetailsCard.java:369)
com.edwardjones.platform_ui_tests.automation.teststeps.newtransfer.AccountItemSteps.addAnotherAccountViaWidget(AccountItemSteps.java:679)
com.edwardjones.platform_ui_tests.testcases.ChecksSearchByNameOutsideRelAccRestrictedTest.runTestFlow(ChecksSearchByNameOutsideRelAccRestrictedTest.java:101)
com.edwardjones.platform_ui_tests.testcases.ChecksSearchByNameOutsideRelAccRestrictedTest.checkAddOutsideAccountSearchGSFundRetiremenAndSelectNonRetirement(ChecksSearchByNameOutsideRelAccRestrictedTest.java:64)
worker.org.gradle.process.internal.worker.GradleWorkerMain.run(GradleWorkerMain.java:69)
worker.org.gradle.process.internal.worker.GradleWorkerMain.main(GradleWorkerMain.java:74)
</system-err></testcase></testsuite>