<?xml version="1.0" encoding="UTF-8" standalone="no"?><testsuite errors="1" failures="0" name="com.edwardjones.platform_ui_tests.testcases.IntoExternalFirmLimitationsDisabledEDJAccountsPart3" skipped="0" tests="1" time="33.91" timestamp="2025-10-06 10:09:28"><testcase classname="com.edwardjones.platform_ui_tests.testcases.IntoExternalFirmLimitationsDisabledEDJAccountsPart3" name="TC3-Part 1 - Card 3 - External Firm Limitations - Disable EDJ Accounts [API/QA] Enhance amc-account-common-svc for External Transfer flow to include enabling/disabling of custodial &amp; individual 529 accounts - For MISC Restriciton code"><error message="no such element: Unable to locate element: {&quot;method&quot;:&quot;xpath&quot;,&quot;selector&quot;:&quot;.//*[contains(@class,'item__number')]&quot;}&#10;  (Session info: MicrosoftEdge=139.0.3405.125)&#10;For documentation on this error, please visit: https://www.selenium.dev/documentation/webdriver/troubleshooting/errors#no-such-element-exception&#10;Build info: version: '4.21.0', revision: '79ed462ef4'&#10;System info: os.name: 'Linux', os.arch: 'amd64', os.version: '4.18.0-553.51.1.el8_10.x86_64', java.version: '17.0.1'&#10;Driver info: org.openqa.selenium.remote.RemoteWebDriver&#10;Command: [3ce2805b6d7d09ed42e19649b6f874e4, findChildElement {value=.//*[contains(@class,'item__number')], id=f.497E0BCB72AAF5130A5B84E5F564DEE2.d.6619A034AFD44430ADF769D754642170.e.123, using=xpath}]&#10;Capabilities {acceptInsecureCerts: false, browserName: MicrosoftEdge, browserVersion: 139.0.3405.125, fedcm:accounts: true, goog:chromeOptions: {args: [--remote-allow-origins=*]}, ms:edgeOptions: {debuggerAddress: localhost:53062}, msedge: {msedgedriverVersion: 139.0.3405.125 (5d3aeaf5858..., userDataDir: C:\Users\selbot\AppData\Loc...}, networkConnectionEnabled: false, pageLoadStrategy: normal, platformName: Windows 10, proxy: Proxy(), se:bidiEnabled: false, se:cdp: ws://selenium4:4944/grid/re..., se:cdpVersion: 139.0.3405.125, setWindowRect: true, strictFileInteractability: false, timeouts: {implicit: 0, pageLoad: 300000, script: 30000}, unhandledPromptBehavior: dismiss and notify, webauthn:extension:credBlob: true, webauthn:extension:largeBlob: true, webauthn:extension:minPinLength: true, webauthn:extension:prf: true, webauthn:virtualAuthenticators: true}&#10;Session ID: 3ce2805b6d7d09ed42e19649b6f874e4" type="org.openqa.selenium.NoSuchElementException">no such element: Unable to locate element: {"method":"xpath","selector":".//*[contains(@class,'item__number')]"}
  (Session info: MicrosoftEdge=139.0.3405.125)
For documentation on this error, please visit: https://www.selenium.dev/documentation/webdriver/troubleshooting/errors#no-such-element-exception
Build info: version: '4.21.0', revision: '79ed462ef4'
System info: os.name: 'Linux', os.arch: 'amd64', os.version: '4.18.0-553.51.1.el8_10.x86_64', java.version: '17.0.1'
Driver info: org.openqa.selenium.remote.RemoteWebDriver
Command: [3ce2805b6d7d09ed42e19649b6f874e4, findChildElement {value=.//*[contains(@class,'item__number')], id=f.497E0BCB72AAF5130A5B84E5F564DEE2.d.6619A034AFD44430ADF769D754642170.e.123, using=xpath}]
Capabilities {acceptInsecureCerts: false, browserName: MicrosoftEdge, browserVersion: 139.0.3405.125, fedcm:accounts: true, goog:chromeOptions: {args: [--remote-allow-origins=*]}, ms:edgeOptions: {debuggerAddress: localhost:53062}, msedge: {msedgedriverVersion: 139.0.3405.125 (5d3aeaf5858..., userDataDir: C:\Users\selbot\AppData\Loc...}, networkConnectionEnabled: false, pageLoadStrategy: normal, platformName: Windows 10, proxy: Proxy(), se:bidiEnabled: false, se:cdp: ws://selenium4:4944/grid/re..., se:cdpVersion: 139.0.3405.125, setWindowRect: true, strictFileInteractability: false, timeouts: {implicit: 0, pageLoad: 300000, script: 30000}, unhandledPromptBehavior: dismiss and notify, webauthn:extension:credBlob: true, webauthn:extension:largeBlob: true, webauthn:extension:minPinLength: true, webauthn:extension:prf: true, webauthn:virtualAuthenticators: true}
Session ID: 3ce2805b6d7d09ed42e19649b6f874e4</error><system-err>no such element: Unable to locate element: {"method":"xpath","selector":".//*[contains(@class,'item__number')]"}
  (Session info: MicrosoftEdge=139.0.3405.125)
For documentation on this error, please visit: https://www.selenium.dev/documentation/webdriver/troubleshooting/errors#no-such-element-exception
Build info: version: '4.21.0', revision: '79ed462ef4'
System info: os.name: 'Linux', os.arch: 'amd64', os.version: '4.18.0-553.51.1.el8_10.x86_64', java.version: '17.0.1'
Driver info: org.openqa.selenium.remote.RemoteWebDriver
Command: [3ce2805b6d7d09ed42e19649b6f874e4, findChildElement {value=.//*[contains(@class,'item__number')], id=f.497E0BCB72AAF5130A5B84E5F564DEE2.d.6619A034AFD44430ADF769D754642170.e.123, using=xpath}]
Capabilities {acceptInsecureCerts: false, browserName: MicrosoftEdge, browserVersion: 139.0.3405.125, fedcm:accounts: true, goog:chromeOptions: {args: [--remote-allow-origins=*]}, ms:edgeOptions: {debuggerAddress: localhost:53062}, msedge: {msedgedriverVersion: 139.0.3405.125 (5d3aeaf5858..., userDataDir: C:\Users\selbot\AppData\Loc...}, networkConnectionEnabled: false, pageLoadStrategy: normal, platformName: Windows 10, proxy: Proxy(), se:bidiEnabled: false, se:cdp: ws://selenium4:4944/grid/re..., se:cdpVersion: 139.0.3405.125, setWindowRect: true, strictFileInteractability: false, timeouts: {implicit: 0, pageLoad: 300000, script: 30000}, unhandledPromptBehavior: dismiss and notify, webauthn:extension:credBlob: true, webauthn:extension:largeBlob: true, webauthn:extension:minPinLength: true, webauthn:extension:prf: true, webauthn:virtualAuthenticators: true}
Session ID: 3ce2805b6d7d09ed42e19649b6f874e4
com.ej.taf.core.ui.pages.widgets.AccountListElement.getWebElement(AccountListElement.java:100)
com.ej.taf.core.ui.pages.widgets.AccountListElement.getTextFromAttribute(AccountListElement.java:26)
com.edwardjones.platform_ui_tests.automation.teststeps.newtransfer.AccountItemSteps.lambda$getAccountListElement$7(AccountItemSteps.java:432)
com.edwardjones.platform_ui_tests.automation.teststeps.newtransfer.AccountItemSteps.getAccountListElement(AccountItemSteps.java:433)
com.edwardjones.platform_ui_tests.automation.teststeps.newtransfer.AccountItemSteps.verifyAcctRestricted(AccountItemSteps.java:81)
com.edwardjones.platform_ui_tests.automation.teststeps.PlatformFlowSteps.verifyRestrictedAccountForCashInFromExternalFirm(PlatformFlowSteps.java:313)
com.edwardjones.platform_ui_tests.testcases.IntoExternalFirmLimitationsDisabledEDJAccountsPart3.verifyRestrictedAccountsForExternalTransferForMISCRestriction(IntoExternalFirmLimitationsDisabledEDJAccountsPart3.java:77)
worker.org.gradle.process.internal.worker.GradleWorkerMain.run(GradleWorkerMain.java:69)
worker.org.gradle.process.internal.worker.GradleWorkerMain.main(GradleWorkerMain.java:74)
</system-err></testcase></testsuite>