<?xml version="1.0" encoding="UTF-8" standalone="no"?><testsuite errors="1" failures="0" name="com.edwardjones.platform_ui_tests.testcases.OutOfNonRestrictionsNewServicePart2Test" skipped="0" tests="1" time="65.36" timestamp="2025-10-06 10:14:52"><testcase classname="com.edwardjones.platform_ui_tests.testcases.OutOfNonRestrictionsNewServicePart2Test" name="Integrate New Account Service with NonRestrictions for ACH Transfers - ACCT_SVC_STAT_CD = 'B' ACCT_SVC_TY_CD = 'GE'"><error message="Error in reading data from DB2" type="com.edwardjones.database.exceptions.DbDataIsNotRetrievedException">Error in reading data from DB2</error><system-err>Error in reading data from DB2
com.edwardjones.database.helpers.Db2Helper.getResultSet(Db2Helper.java:69)
com.edwardjones.database.dataproviders.base.BaseTestDataProvider.readDb2Data(BaseTestDataProvider.java:119)
com.edwardjones.database.dataproviders.base.BaseTestDataProvider.readDb2Data(BaseTestDataProvider.java:106)
com.edwardjones.database.dataproviders.platform.EjAccountsFilteredVyOwnRuleIdAndRestrictionsDb2TestDataProvider.executeQuery(EjAccountsFilteredVyOwnRuleIdAndRestrictionsDb2TestDataProvider.java:368)
com.edwardjones.database.dataproviders.platform.EjAccountsFilteredVyOwnRuleIdAndRestrictionsDb2TestDataProvider.readEjAccountsDataForOwnershipRuleIdWithNoRestrictions(EjAccountsFilteredVyOwnRuleIdAndRestrictionsDb2TestDataProvider.java:115)
com.edwardjones.database.dataproviders.platform.EjAccountsFilteredVyOwnRuleIdAndRestrictionsDb2TestDataProvider.readEjAccountsDataForOwnershipRuleIdSvcTyCdAndSvcStatCd(EjAccountsFilteredVyOwnRuleIdAndRestrictionsDb2TestDataProvider.java:149)
com.edwardjones.database.dataproviders.platform.EjAccountsFilteredVyOwnRuleIdAndRestrictionsDb2TestDataProvider.readRandomEjAccountsDataForOwnershipRuleIdWithOutRestrictions(EjAccountsFilteredVyOwnRuleIdAndRestrictionsDb2TestDataProvider.java:395)
com.edwardjones.platform_ui_tests.testcases.OutOfNonRestrictionsNewServicePart2Test.verifyNonRestrictedAccountsForOutOfFlowNewServiceWithAcctSvcStatAsBandAcctSvcTyAsGe(OutOfNonRestrictionsNewServicePart2Test.java:49)
worker.org.gradle.process.internal.worker.GradleWorkerMain.run(GradleWorkerMain.java:69)
worker.org.gradle.process.internal.worker.GradleWorkerMain.main(GradleWorkerMain.java:74)
</system-err></testcase></testsuite>