<?xml version="1.0" encoding="UTF-8" standalone="no"?><testsuite errors="1" failures="0" name="com.edwardjones.platform_ui_tests.testcases.IntoExternalFirmLimitationsDisabledEDJAccountsPart3" skipped="0" tests="1" time="65.71" timestamp="2025-10-06 10:13:37"><testcase classname="com.edwardjones.platform_ui_tests.testcases.IntoExternalFirmLimitationsDisabledEDJAccountsPart3" name="TC5-Part 1 - Card 3 - External Firm Limitations - Disable EDJ Accounts [API/QA] Enhance amc-account-common-svc for External Transfer flow to include enabling/disabling of custodial &amp; individual 529 accounts - For ACCT_SVC_TY_CD = GF"><error message="Error in reading data from DB2" type="com.edwardjones.database.exceptions.DbDataIsNotRetrievedException">Error in reading data from DB2</error><system-err>Error in reading data from DB2
com.edwardjones.database.helpers.Db2Helper.getResultSet(Db2Helper.java:69)
com.edwardjones.database.dataproviders.base.BaseTestDataProvider.readDb2Data(BaseTestDataProvider.java:119)
com.edwardjones.database.dataproviders.base.BaseTestDataProvider.readDb2Data(BaseTestDataProvider.java:106)
com.edwardjones.database.dataproviders.platform.EjAccountsFilteredVyOwnRuleIdAndRestrictionsDb2TestDataProvider.executeQuery(EjAccountsFilteredVyOwnRuleIdAndRestrictionsDb2TestDataProvider.java:368)
com.edwardjones.database.dataproviders.platform.EjAccountsFilteredVyOwnRuleIdAndRestrictionsDb2TestDataProvider.readEjAccountsDataForOwnershipRuleIdWithNoRestrictions(EjAccountsFilteredVyOwnRuleIdAndRestrictionsDb2TestDataProvider.java:115)
com.edwardjones.database.dataproviders.platform.EjAccountsFilteredVyOwnRuleIdAndRestrictionsDb2TestDataProvider.readRandomEjAccountWithNoRestrictions(EjAccountsFilteredVyOwnRuleIdAndRestrictionsDb2TestDataProvider.java:318)
com.edwardjones.platform_ui_tests.testcases.IntoExternalFirmLimitationsDisabledEDJAccountsPart3.verifyRestrictedAccountsForExternalTransferForMISCRestrictionForACCT_SVC_TY_CDAsGF(IntoExternalFirmLimitationsDisabledEDJAccountsPart3.java:114)
worker.org.gradle.process.internal.worker.GradleWorkerMain.run(GradleWorkerMain.java:69)
worker.org.gradle.process.internal.worker.GradleWorkerMain.main(GradleWorkerMain.java:74)
</system-err></testcase></testsuite>