<?xml version="1.0" encoding="UTF-8" standalone="no"?><testsuite errors="1" failures="0" name="com.edwardjones.platform_ui_tests.testcases.OutOfVerifyCustodianAndCuratorRestrictions" skipped="0" tests="1" time="36.84" timestamp="2025-10-06 10:07:33"><testcase classname="com.edwardjones.platform_ui_tests.testcases.OutOfVerifyCustodianAndCuratorRestrictions" name="UI/QA - Enable amc-account-common-svc for ACH Out flow to include custodian &amp; curator accounts when bank registration is same: Curator, SIMILAR likeness indicator"><error message="Expected condition failed: waiting for Account 13021699 should be present in 'Account From' list (tried for 20 second(s) with 500 milliseconds interval)" type="org.openqa.selenium.TimeoutException">Expected condition failed: waiting for Account 13021699 should be present in 'Account From' list (tried for 20 second(s) with 500 milliseconds interval)</error><system-err>Expected condition failed: waiting for Account 13021699 should be present in 'Account From' list (tried for 20 second(s) with 500 milliseconds interval)
com.ej.taf.core.ui.pages.BasePageObject.waitForListElement(BasePageObject.java:91)
com.ej.taf.core.ui.pages.widgets.SearchAccountWidget.waitForPresenceOfAccountInList(SearchAccountWidget.java:76)
com.ej.taf.core.ui.pages.widgets.SearchAccountWidget.ensureAccountIsSelected(SearchAccountWidget.java:156)
com.edwardjones.platform_ui_tests.automation.teststeps.newtransfer.AccountItemSteps.searchForAccountAndSelect(AccountItemSteps.java:517)
com.edwardjones.platform_ui_tests.testcases.OutOfVerifyCustodianAndCuratorRestrictions.runTestFlow(OutOfVerifyCustodianAndCuratorRestrictions.java:154)
com.edwardjones.platform_ui_tests.testcases.OutOfVerifyCustodianAndCuratorRestrictions.testCuratorAccountAndSimilarLikenessIndicator(OutOfVerifyCustodianAndCuratorRestrictions.java:130)
worker.org.gradle.process.internal.worker.GradleWorkerMain.run(GradleWorkerMain.java:69)
worker.org.gradle.process.internal.worker.GradleWorkerMain.main(GradleWorkerMain.java:74)
</system-err></testcase></testsuite>