<?xml version="1.0" encoding="UTF-8" standalone="no"?><testsuite errors="1" failures="0" name="com.edwardjones.platform_ui_tests.testcases.AchTransferExternalFirmTest" skipped="0" tests="1" time="85.16" timestamp="2025-10-06 09:01:13"><testcase classname="com.edwardjones.platform_ui_tests.testcases.AchTransferExternalFirmTest" name="Card 2 - Select External Firm for INTO flow, Card Labels for External transfer"><error message="no such element: Unable to locate element: {&quot;method&quot;:&quot;xpath&quot;,&quot;selector&quot;:&quot;.//*[contains(@class,'item__number')]&quot;}&#10;  (Session info: MicrosoftEdge=139.0.3405.125)&#10;For documentation on this error, please visit: https://www.selenium.dev/documentation/webdriver/troubleshooting/errors#no-such-element-exception&#10;Build info: version: '4.21.0', revision: '79ed462ef4'&#10;System info: os.name: 'Linux', os.arch: 'amd64', os.version: '4.18.0-553.51.1.el8_10.x86_64', java.version: '17.0.1'&#10;Driver info: org.openqa.selenium.remote.RemoteWebDriver&#10;Command: [61f1ac834c088bcd7f15e953bb27da20, findChildElement {value=.//*[contains(@class,'item__number')], id=f.3576B6E4528296B9488093B23311A840.d.FDC2B2700E3A95936C305EAC49CB4D74.e.144, using=xpath}]&#10;Capabilities {acceptInsecureCerts: false, browserName: MicrosoftEdge, browserVersion: 139.0.3405.125, fedcm:accounts: true, goog:chromeOptions: {args: [--remote-allow-origins=*]}, ms:edgeOptions: {debuggerAddress: localhost:58980}, msedge: {msedgedriverVersion: 139.0.3405.125 (5d3aeaf5858..., userDataDir: C:\Users\selbot\AppData\Loc...}, networkConnectionEnabled: false, pageLoadStrategy: normal, platformName: Windows 10, proxy: Proxy(), se:bidiEnabled: false, se:cdp: ws://selenium4:4944/grid/re..., se:cdpVersion: 139.0.3405.125, setWindowRect: true, strictFileInteractability: false, timeouts: {implicit: 0, pageLoad: 300000, script: 30000}, unhandledPromptBehavior: dismiss and notify, webauthn:extension:credBlob: true, webauthn:extension:largeBlob: true, webauthn:extension:minPinLength: true, webauthn:extension:prf: true, webauthn:virtualAuthenticators: true}&#10;Session ID: 61f1ac834c088bcd7f15e953bb27da20" type="org.openqa.selenium.NoSuchElementException">no such element: Unable to locate element: {"method":"xpath","selector":".//*[contains(@class,'item__number')]"}
  (Session info: MicrosoftEdge=139.0.3405.125)
For documentation on this error, please visit: https://www.selenium.dev/documentation/webdriver/troubleshooting/errors#no-such-element-exception
Build info: version: '4.21.0', revision: '79ed462ef4'
System info: os.name: 'Linux', os.arch: 'amd64', os.version: '4.18.0-553.51.1.el8_10.x86_64', java.version: '17.0.1'
Driver info: org.openqa.selenium.remote.RemoteWebDriver
Command: [61f1ac834c088bcd7f15e953bb27da20, findChildElement {value=.//*[contains(@class,'item__number')], id=f.3576B6E4528296B9488093B23311A840.d.FDC2B2700E3A95936C305EAC49CB4D74.e.144, using=xpath}]
Capabilities {acceptInsecureCerts: false, browserName: MicrosoftEdge, browserVersion: 139.0.3405.125, fedcm:accounts: true, goog:chromeOptions: {args: [--remote-allow-origins=*]}, ms:edgeOptions: {debuggerAddress: localhost:58980}, msedge: {msedgedriverVersion: 139.0.3405.125 (5d3aeaf5858..., userDataDir: C:\Users\selbot\AppData\Loc...}, networkConnectionEnabled: false, pageLoadStrategy: normal, platformName: Windows 10, proxy: Proxy(), se:bidiEnabled: false, se:cdp: ws://selenium4:4944/grid/re..., se:cdpVersion: 139.0.3405.125, setWindowRect: true, strictFileInteractability: false, timeouts: {implicit: 0, pageLoad: 300000, script: 30000}, unhandledPromptBehavior: dismiss and notify, webauthn:extension:credBlob: true, webauthn:extension:largeBlob: true, webauthn:extension:minPinLength: true, webauthn:extension:prf: true, webauthn:virtualAuthenticators: true}
Session ID: 61f1ac834c088bcd7f15e953bb27da20</error><system-err>no such element: Unable to locate element: {"method":"xpath","selector":".//*[contains(@class,'item__number')]"}
  (Session info: MicrosoftEdge=139.0.3405.125)
For documentation on this error, please visit: https://www.selenium.dev/documentation/webdriver/troubleshooting/errors#no-such-element-exception
Build info: version: '4.21.0', revision: '79ed462ef4'
System info: os.name: 'Linux', os.arch: 'amd64', os.version: '4.18.0-553.51.1.el8_10.x86_64', java.version: '17.0.1'
Driver info: org.openqa.selenium.remote.RemoteWebDriver
Command: [61f1ac834c088bcd7f15e953bb27da20, findChildElement {value=.//*[contains(@class,'item__number')], id=f.3576B6E4528296B9488093B23311A840.d.FDC2B2700E3A95936C305EAC49CB4D74.e.144, using=xpath}]
Capabilities {acceptInsecureCerts: false, browserName: MicrosoftEdge, browserVersion: 139.0.3405.125, fedcm:accounts: true, goog:chromeOptions: {args: [--remote-allow-origins=*]}, ms:edgeOptions: {debuggerAddress: localhost:58980}, msedge: {msedgedriverVersion: 139.0.3405.125 (5d3aeaf5858..., userDataDir: C:\Users\selbot\AppData\Loc...}, networkConnectionEnabled: false, pageLoadStrategy: normal, platformName: Windows 10, proxy: Proxy(), se:bidiEnabled: false, se:cdp: ws://selenium4:4944/grid/re..., se:cdpVersion: 139.0.3405.125, setWindowRect: true, strictFileInteractability: false, timeouts: {implicit: 0, pageLoad: 300000, script: 30000}, unhandledPromptBehavior: dismiss and notify, webauthn:extension:credBlob: true, webauthn:extension:largeBlob: true, webauthn:extension:minPinLength: true, webauthn:extension:prf: true, webauthn:virtualAuthenticators: true}
Session ID: 61f1ac834c088bcd7f15e953bb27da20
com.ej.taf.core.ui.pages.widgets.AccountListElement.getWebElement(AccountListElement.java:100)
com.ej.taf.core.ui.pages.widgets.AccountListElement.getTextFromAttribute(AccountListElement.java:26)
com.edwardjones.platform_ui_tests.automation.teststeps.newtransfer.SearchAccountSteps.lambda$isAccountNumberMatch$1(SearchAccountSteps.java:150)
com.edwardjones.platform_ui_tests.automation.teststeps.newtransfer.SearchAccountSteps.openSpecifiedAcctFromTheList(SearchAccountSteps.java:130)
com.edwardjones.platform_ui_tests.automation.teststeps.newtransfer.SearchAccountSteps.selectAnAccount(SearchAccountSteps.java:120)
com.edwardjones.platform_ui_tests.automation.teststeps.newtransfer.SearchAccountSteps.searchForAccountAndSelect(SearchAccountSteps.java:108)
com.edwardjones.platform_ui_tests.testcases.AchTransferExternalFirmTest.verifyExternalFirm(AchTransferExternalFirmTest.java:70)
worker.org.gradle.process.internal.worker.GradleWorkerMain.run(GradleWorkerMain.java:69)
worker.org.gradle.process.internal.worker.GradleWorkerMain.main(GradleWorkerMain.java:74)
</system-err></testcase></testsuite>