<?xml version="1.0" encoding="UTF-8" standalone="no"?><testsuite errors="1" failures="0" name="com.edwardjones.platform_ui_tests.testcases.NewTransactionForLinkedBankPart2Test" skipped="0" tests="1" time="2.37" timestamp="2025-10-06 10:31:22"><testcase classname="com.edwardjones.platform_ui_tests.testcases.NewTransactionForLinkedBankPart2Test" name="Card 2 - Select Linked Bank for INTO flow with Branch user, Add New Linked Bank Account Button, Sort Linked External Bank Accounts"><error message="relShipId is marked non-null but is null" type="java.lang.NullPointerException">relShipId is marked non-null but is null</error><system-err>relShipId is marked non-null but is null
com.edwardjones.platform_ui_tests.automation.teststeps.newtransfer.NewTransferSteps.openNewTransferPage(NewTransferSteps.java:60)
com.edwardjones.platform_ui_tests.testcases.NewTransactionForLinkedBankPart2Test.verifyLinkedBankSelection(NewTransactionForLinkedBankPart2Test.java:94)
worker.org.gradle.process.internal.worker.GradleWorkerMain.run(GradleWorkerMain.java:69)
worker.org.gradle.process.internal.worker.GradleWorkerMain.main(GradleWorkerMain.java:74)
</system-err></testcase></testsuite>