<?xml version="1.0" encoding="UTF-8" standalone="no"?><testsuite errors="1" failures="0" name="com.edwardjones.platform_ui_tests.testcases.OutOfEdwardJonesToLinkedBankTest" skipped="0" tests="1" time="2.26" timestamp="2025-10-06 10:33:34"><testcase classname="com.edwardjones.platform_ui_tests.testcases.OutOfEdwardJonesToLinkedBankTest" name="Verify External Account Search for Into and Out Of"><error message="relShipId is marked non-null but is null" type="java.lang.NullPointerException">relShipId is marked non-null but is null</error><system-err>relShipId is marked non-null but is null
com.edwardjones.platform_ui_tests.automation.teststeps.newtransfer.NewTransferSteps.openNewTransferPage(NewTransferSteps.java:60)
com.edwardjones.platform_ui_tests.testcases.OutOfEdwardJonesToLinkedBankTest.verifyExternalAccountSearch(OutOfEdwardJonesToLinkedBankTest.java:128)
worker.org.gradle.process.internal.worker.GradleWorkerMain.run(GradleWorkerMain.java:69)
worker.org.gradle.process.internal.worker.GradleWorkerMain.main(GradleWorkerMain.java:74)
</system-err></testcase></testsuite>