<?xml version="1.0" encoding="UTF-8" standalone="no"?><testsuite errors="0" failures="1" name="com.edwardjones.platform_ui_tests.testcases.OutOfValidateSubAccTypes" skipped="0" tests="1" time="11.18" timestamp="2025-10-06 10:46:32"><testcase classname="com.edwardjones.platform_ui_tests.testcases.OutOfValidateSubAccTypes" name="Enable Margin and/or Non-purpose loan in ACH Out flow-ACH Transaction Rules (One Time only) - Margin sub account"><failure message="['Account From Name should be GRAY, ANTHONY D  (SON)] &#10;Expecting actual:&#10;  &quot;GRAY, ANTHONY D (SON)&quot;&#10;to contain:&#10;  &quot;GRAY, ANTHONY D  (SON)&quot; " type="java.lang.AssertionError">['Account From Name should be GRAY, ANTHONY D  (SON)] 
Expecting actual:
  "GRAY, ANTHONY D (SON)"
to contain:
  "GRAY, ANTHONY D  (SON)" </failure><system-err>['Account From Name should be GRAY, ANTHONY D  (SON)] 
Expecting actual:
  "GRAY, ANTHONY D (SON)"
to contain:
  "GRAY, ANTHONY D  (SON)" 
com.edwardjones.automation.steps.newOldUiManagement.NewUiCardManagementActions.verifyAccountFromName(NewUiCardManagementActions.java:105)
com.edwardjones.platform_ui_tests.automation.teststeps.newtransfer.ChooseFromAccountSteps.verifySelectedCollapsedAccountInfo(ChooseFromAccountSteps.java:67)
com.edwardjones.platform_ui_tests.automation.teststeps.newtransfer.ChooseFromAccountSteps.verifyCollapsedFromCardInfo(ChooseFromAccountSteps.java:211)
com.edwardjones.platform_ui_tests.testcases.OutOfValidateSubAccTypes.runTestFlow(OutOfValidateSubAccTypes.java:101)
com.edwardjones.platform_ui_tests.testcases.OutOfValidateSubAccTypes.testForMarginSubAccount(OutOfValidateSubAccTypes.java:54)
worker.org.gradle.process.internal.worker.GradleWorkerMain.run(GradleWorkerMain.java:69)
worker.org.gradle.process.internal.worker.GradleWorkerMain.main(GradleWorkerMain.java:74)
</system-err></testcase></testsuite>