<?xml version="1.0" encoding="UTF-8" standalone="no"?><testsuite errors="0" failures="1" name="com.edwardjones.platform_ui_tests.testcases.IntoCheckDepositRestrictionsNewAccountServicePart8" skipped="0" tests="1" time="5.36" timestamp="2025-10-06 09:39:52"><testcase classname="com.edwardjones.platform_ui_tests.testcases.IntoCheckDepositRestrictionsNewAccountServicePart8" name="Part 8 - Integrate New Account Service with Restrictions for Check Deposits, Add Inherited IRA Rule in Checks Transaction Rules -  Restriction Code - CCT_SVC_STAT_CD =B ACCT_SVC_TY_CD = GE"><failure message="assumption was not met due to: [Data was not available] &#10;Expecting size of:&#10;  []&#10;to be greater than 0 but was 0" type="net.serenitybdd.model.PendingStepException">assumption was not met due to: [Data was not available] 
Expecting size of:
  []
to be greater than 0 but was 0</failure><system-err>assumption was not met due to: [Data was not available] 
Expecting size of:
  []
to be greater than 0 but was 0
com.edwardjones.platform_ui_tests.testcases.IntoCheckDepositRestrictionsNewAccountServicePart8.verifyRestrictedAccountsForExternalTransferForRestrictinonCode_SVCSTAT_B_SVCTV_GE(IntoCheckDepositRestrictionsNewAccountServicePart8.java:145)
worker.org.gradle.process.internal.worker.GradleWorkerMain.run(GradleWorkerMain.java:69)
worker.org.gradle.process.internal.worker.GradleWorkerMain.main(GradleWorkerMain.java:74)
</system-err></testcase></testsuite>