<?xml version="1.0" encoding="UTF-8" standalone="no"?><testsuite errors="1" failures="0" name="com.edwardjones.platform_ui_tests.testcases.OutOfEdwardJonesChecks" skipped="0" tests="1" time="18.33" timestamp="2025-10-06 11:05:37"><testcase classname="com.edwardjones.platform_ui_tests.testcases.OutOfEdwardJonesChecks" name="TC22 - Verify Outgoing checks is unavailable when toggle - amc-outgoing-check is - ON and from account is 312 with GE"><error message="Timed out after 2 seconds. Element not found&#10;For documentation on this error, please visit: https://www.selenium.dev/documentation/webdriver/troubleshooting/errors#no-such-element-exception&#10;Build info: version: '4.21.0', revision: '79ed462ef4'&#10;System info: os.name: 'Linux', os.arch: 'amd64', os.version: '4.18.0-553.51.1.el8_10.x86_64', java.version: '17.0.1'&#10;Driver info: driver.version: unknown" type="org.openqa.selenium.NoSuchElementException">Timed out after 2 seconds. Element not found
For documentation on this error, please visit: https://www.selenium.dev/documentation/webdriver/troubleshooting/errors#no-such-element-exception
Build info: version: '4.21.0', revision: '79ed462ef4'
System info: os.name: 'Linux', os.arch: 'amd64', os.version: '4.18.0-553.51.1.el8_10.x86_64', java.version: '17.0.1'
Driver info: driver.version: unknown</error><system-err>Timed out after 2 seconds. Element not found
For documentation on this error, please visit: https://www.selenium.dev/documentation/webdriver/troubleshooting/errors#no-such-element-exception
Build info: version: '4.21.0', revision: '79ed462ef4'
System info: os.name: 'Linux', os.arch: 'amd64', os.version: '4.18.0-553.51.1.el8_10.x86_64', java.version: '17.0.1'
Driver info: driver.version: unknown
com.ej.taf.core.ui.pages.ChooseToAccountCard.isOutgoingCheckDisabled(ChooseToAccountCard.java:94)
com.edwardjones.platform_ui_tests.automation.teststeps.newtransfer.ChooseToAccountSteps.verifyOutgoingCheckRestriction(ChooseToAccountSteps.java:154)
com.edwardjones.platform_ui_tests.testcases.OutOfEdwardJonesChecks.verifyTransferOutCheckDepositFor312WithGEAccountIsNotVisible(OutOfEdwardJonesChecks.java:462)
worker.org.gradle.process.internal.worker.GradleWorkerMain.run(GradleWorkerMain.java:69)
worker.org.gradle.process.internal.worker.GradleWorkerMain.main(GradleWorkerMain.java:74)
</system-err></testcase></testsuite>