<?xml version="1.0" encoding="UTF-8" standalone="no"?><testsuite errors="0" failures="0" name="com.edwardjones.platform_ui_tests.testcases.IntoExternalFirmLimitationsDisabledEDJAccountsPart3" skipped="0" tests="1" time="35.48" timestamp="2025-10-06 10:11:31"><testcase classname="com.edwardjones.platform_ui_tests.testcases.IntoExternalFirmLimitationsDisabledEDJAccountsPart3" name="TC4-Part 1 - Card 3 - External Firm Limitations - Disable EDJ Accounts [API/QA] Enhance amc-account-common-svc for External Transfer flow to include enabling/disabling of custodial &amp; individual 529 accounts - For ACCT_SVC_TY_CD = FF"/></testsuite>