<?xml version="1.0" encoding="UTF-8" standalone="no"?><testsuite errors="1" failures="0" name="com.edwardjones.platform_ui_tests.testcases.VerifyA2ABetweenFlowNewDesign" skipped="0" tests="1" time="30.73" timestamp="2025-10-06 11:10:36"><testcase classname="com.edwardjones.platform_ui_tests.testcases.VerifyA2ABetweenFlowNewDesign" name="verifyViewEditTransferFlowInActivityDashboardForNewDesignForAch(TransfersTestData)"><error message="Timed out after 2 seconds. Element not found&#10;For documentation on this error, please visit: https://www.selenium.dev/documentation/webdriver/troubleshooting/errors#no-such-element-exception&#10;Build info: version: '4.21.0', revision: '79ed462ef4'&#10;System info: os.name: 'Linux', os.arch: 'amd64', os.version: '4.18.0-553.51.1.el8_10.x86_64', java.version: '17.0.1'&#10;Driver info: driver.version: unknown" type="org.openqa.selenium.NoSuchElementException">Timed out after 2 seconds. Element not found
For documentation on this error, please visit: https://www.selenium.dev/documentation/webdriver/troubleshooting/errors#no-such-element-exception
Build info: version: '4.21.0', revision: '79ed462ef4'
System info: os.name: 'Linux', os.arch: 'amd64', os.version: '4.18.0-553.51.1.el8_10.x86_64', java.version: '17.0.1'
Driver info: driver.version: unknown</error><system-err>Timed out after 2 seconds. Element not found
For documentation on this error, please visit: https://www.selenium.dev/documentation/webdriver/troubleshooting/errors#no-such-element-exception
Build info: version: '4.21.0', revision: '79ed462ef4'
System info: os.name: 'Linux', os.arch: 'amd64', os.version: '4.18.0-553.51.1.el8_10.x86_64', java.version: '17.0.1'
Driver info: driver.version: unknown
com.edwardjones.automation.pages_elements.transaction_progresser.activity_dashboard_details_page.StepperStep.isBold(StepperStep.java:58)
com.edwardjones.automation.steps.newtransaction_progresser.TransferDateStepperSteps.verifyScheduleTransferLeftStepperTextIsBold(TransferDateStepperSteps.java:48)
com.edwardjones.platform_ui_tests.testcases.VerifyA2ABetweenFlowNewDesign.verifyViewEditTransferFlowInActivityDashboardForNewDesignForAch(VerifyA2ABetweenFlowNewDesign.java:65)
worker.org.gradle.process.internal.worker.GradleWorkerMain.run(GradleWorkerMain.java:69)
worker.org.gradle.process.internal.worker.GradleWorkerMain.main(GradleWorkerMain.java:74)
</system-err></testcase></testsuite>