<?xml version="1.0" encoding="UTF-8" standalone="no"?><testsuite errors="0" failures="0" name="com.edwardjones.platform_ui_tests.testcases.VerifyExternalViewEditTransferInActivityNewDesign" skipped="0" tests="1" time="73.81" timestamp="2025-10-06 10:54:57"><testcase classname="com.edwardjones.platform_ui_tests.testcases.VerifyExternalViewEditTransferInActivityNewDesign" name="QA-Automation - Create New Transaction Redesign - View/Edit transfer flows from Activity Dashboard - External Firm UI/QA - Create New Transaction Redesign - Requirements Cleanup - External Firm UI/QA - Highlight Client Signature in Left Progress Stepper when edit is made that requires new LOA-External Transfer flow) Partially paid transfer with 'Cancelled' status"/></testsuite>