<?xml version="1.0" encoding="UTF-8" standalone="no"?><testsuite errors="0" failures="0" name="com.edwardjones.platform_ui_tests.testcases.IntoCheckDepositRestrictionsNewAccountServicePart1" skipped="0" tests="1" time="36.85" timestamp="2025-10-06 10:34:54"><testcase classname="com.edwardjones.platform_ui_tests.testcases.IntoCheckDepositRestrictionsNewAccountServicePart1" name="Part 1 - Integrate New Account Service with Restrictions for Check Deposits, Add Inherited IRA Rule in Checks Transaction Rules -  CCT_SVC_STAT_CD =T ACCT_SVC_TY_CD = GE"/></testsuite>