<?xml version="1.0" encoding="UTF-8" standalone="no"?><testsuite errors="0" failures="1" name="com.edwardjones.platform_ui_tests.testcases.OutgoingWireTransferFlowTestPart2Test" skipped="0" tests="1" time="13.95" timestamp="2025-10-06 10:47:03"><testcase classname="com.edwardjones.platform_ui_tests.testcases.OutgoingWireTransferFlowTestPart2Test" name="Integrate New Rule with Restrictions/non-Restrictions for Outgoing Wire transfer - Inherited IRA"><failure message="&#10;expected: false&#10; but was: true" type="org.opentest4j.AssertionFailedError">
expected: false
 but was: true</failure><system-err>
expected: false
 but was: true
com.edwardjones.platform_ui_tests.automation.teststeps.newtransfer.ChooseToAccountSteps.verifyWireTransferRestriction(ChooseToAccountSteps.java:124)
com.edwardjones.platform_ui_tests.testcases.OutgoingWireTransferFlowTestPart2Test.verifyRestrictedAccountsForIntoLinkedBank(OutgoingWireTransferFlowTestPart2Test.java:179)
com.edwardjones.platform_ui_tests.testcases.OutgoingWireTransferFlowTestPart2Test.verifyTransferOutWireTransferForInheritedIRA(OutgoingWireTransferFlowTestPart2Test.java:168)
worker.org.gradle.process.internal.worker.GradleWorkerMain.run(GradleWorkerMain.java:69)
worker.org.gradle.process.internal.worker.GradleWorkerMain.main(GradleWorkerMain.java:74)
</system-err></testcase></testsuite>