<?xml version="1.0" encoding="UTF-8" standalone="no"?><testsuite errors="1" failures="0" name="com.edwardjones.platform_ui_tests.testcases.IntoLinkedBankLimitationsEjAccountsWithRestrictions" skipped="0" tests="1" time="65.34" timestamp="2025-10-06 10:26:50"><testcase classname="com.edwardjones.platform_ui_tests.testcases.IntoLinkedBankLimitationsEjAccountsWithRestrictions" name="'Into' EJ Account transfer: Verify SSN Restriction"><error message="Error in reading data from DB2" type="com.edwardjones.database.exceptions.DbDataIsNotRetrievedException">Error in reading data from DB2</error><system-err>Error in reading data from DB2
com.edwardjones.database.helpers.Db2Helper.getResultSet(Db2Helper.java:69)
com.edwardjones.database.dataproviders.base.BaseTestDataProvider.readDb2Data(BaseTestDataProvider.java:119)
com.edwardjones.database.dataproviders.base.BaseTestDataProvider.readDb2Data(BaseTestDataProvider.java:106)
com.edwardjones.database.dataproviders.platform.EjAccountsWithRestrictionDb2TestDataProvider.readData(EjAccountsWithRestrictionDb2TestDataProvider.java:27)
com.edwardjones.database.dataproviders.platform.EjAccountsWithRestrictionDb2TestDataProvider.readRestrictedEjAccountsData(EjAccountsWithRestrictionDb2TestDataProvider.java:23)
com.edwardjones.database.dataproviders.platform.BankProfileTestDataProvider.getRestrictedAccountWithBankProfileTestData(BankProfileTestDataProvider.java:104)
com.edwardjones.platform_ui_tests.testcases.IntoLinkedBankLimitationsEjAccountsWithRestrictions.runTestFlow(IntoLinkedBankLimitationsEjAccountsWithRestrictions.java:166)
com.edwardjones.platform_ui_tests.testcases.IntoLinkedBankLimitationsEjAccountsWithRestrictions.verifyAccountWithSsn(IntoLinkedBankLimitationsEjAccountsWithRestrictions.java:109)
worker.org.gradle.process.internal.worker.GradleWorkerMain.run(GradleWorkerMain.java:69)
worker.org.gradle.process.internal.worker.GradleWorkerMain.main(GradleWorkerMain.java:74)
</system-err></testcase></testsuite>