<?xml version="1.0" encoding="UTF-8" standalone="no"?><testsuite errors="0" failures="1" name="com.edwardjones.platform_ui_tests.testcases.AchTransferExternalFirmTest" skipped="0" tests="1" time="41.38" timestamp="2025-10-06 08:56:37"><testcase classname="com.edwardjones.platform_ui_tests.testcases.AchTransferExternalFirmTest" name="Card 3 - Select, Search, Sort Edward Jones account for &quot;INTO&quot; flow - External Firm"><failure message="&#10;Expecting value to be true but was false" type="org.opentest4j.AssertionFailedError">
Expecting value to be true but was false</failure><system-err>
Expecting value to be true but was false
com.edwardjones.platform_ui_tests.automation.teststeps.newtransfer.SearchAccountSteps.verifySearchFieldIsPresent(SearchAccountSteps.java:364)
com.edwardjones.platform_ui_tests.testcases.AchTransferExternalFirmTest.verifySearchSortAndSelectForExternalTransfer(AchTransferExternalFirmTest.java:95)
worker.org.gradle.process.internal.worker.GradleWorkerMain.run(GradleWorkerMain.java:69)
worker.org.gradle.process.internal.worker.GradleWorkerMain.main(GradleWorkerMain.java:74)
</system-err></testcase></testsuite>