<?xml version="1.0" encoding="UTF-8" standalone="no"?><testsuite errors="0" failures="0" name="com.edwardjones.platform_ui_tests.testcases.IntoLinkedBankLimitationsEDJAccountsMissingClientAgreement" skipped="0" tests="1" time="34.72" timestamp="2025-10-06 10:36:09"><testcase classname="com.edwardjones.platform_ui_tests.testcases.IntoLinkedBankLimitationsEDJAccountsMissingClientAgreement" name="'Into' EJ Account transfer: Verify Account with ACCT_SVC_STAT_CD = 'T' ACCT_SVC_TY_CD = 'GE'"/></testsuite>