<?xml version="1.0" encoding="UTF-8" standalone="no"?><testsuite errors="1" failures="0" name="com.edwardjones.platform_ui_tests.testcases.IntoExternalFirmLimitationsDisabledEDJAccountsPart3" skipped="0" tests="1" time="65.41" timestamp="2025-10-06 10:23:18"><testcase classname="com.edwardjones.platform_ui_tests.testcases.IntoExternalFirmLimitationsDisabledEDJAccountsPart3" name="TC2-Part 1 - Card 3 - External Firm Limitations - Disable EDJ Accounts [API/QA] Enhance amc-account-common-svc for External Transfer flow to include enabling/disabling of custodial &amp; individual 529 accounts - For DOCU Restriciton code"><error message="Error in reading data from DB2" type="com.edwardjones.database.exceptions.DbDataIsNotRetrievedException">Error in reading data from DB2</error><system-err>Error in reading data from DB2
com.edwardjones.database.helpers.Db2Helper.getResultSet(Db2Helper.java:69)
com.edwardjones.database.dataproviders.base.BaseTestDataProvider.readDb2Data(BaseTestDataProvider.java:119)
com.edwardjones.database.dataproviders.base.BaseTestDataProvider.readDb2Data(BaseTestDataProvider.java:106)
com.edwardjones.database.dataproviders.platform.EjAccountsWithRestrictionDb2TestDataProvider.readData(EjAccountsWithRestrictionDb2TestDataProvider.java:27)
com.edwardjones.database.dataproviders.platform.EjAccountsWithRestrictionDb2TestDataProvider.readRestrictedEjAccountsData(EjAccountsWithRestrictionDb2TestDataProvider.java:23)
com.edwardjones.database.dataproviders.platform.EjAccountsWithRestrictionDb2TestDataProvider.readRandomRestrictedEjAccountsData(EjAccountsWithRestrictionDb2TestDataProvider.java:42)
com.edwardjones.platform_ui_tests.testcases.IntoExternalFirmLimitationsDisabledEDJAccountsPart3.verifyRestrictedAccountsForExternalTransferForDOCURestriction(IntoExternalFirmLimitationsDisabledEDJAccountsPart3.java:57)
worker.org.gradle.process.internal.worker.GradleWorkerMain.run(GradleWorkerMain.java:69)
worker.org.gradle.process.internal.worker.GradleWorkerMain.main(GradleWorkerMain.java:74)
</system-err></testcase></testsuite>