<?xml version="1.0" encoding="UTF-8" standalone="no"?><testsuite errors="1" failures="0" name="com.edwardjones.platform_ui_tests.testcases.IntoCheckDepositRestrictionsNewAccountServicePart8" skipped="0" tests="1" time="493.28" timestamp="2025-10-06 09:44:53"><testcase classname="com.edwardjones.platform_ui_tests.testcases.IntoCheckDepositRestrictionsNewAccountServicePart8" name="Part 8 - Integrate New Account Service with Restrictions for Check Deposits, Add Inherited IRA Rule in Checks Transaction Rules -  Restriction Code - CCT_SVC_STAT_CD =O ACCT_SVC_TY_CD = GD"><error message="Timed out after 2 seconds. Element not found&#10;For documentation on this error, please visit: https://www.selenium.dev/documentation/webdriver/troubleshooting/errors#no-such-element-exception&#10;Build info: version: '4.21.0', revision: '79ed462ef4'&#10;System info: os.name: 'Linux', os.arch: 'amd64', os.version: '4.18.0-553.51.1.el8_10.x86_64', java.version: '17.0.1'&#10;Driver info: driver.version: unknown" type="org.openqa.selenium.NoSuchElementException">Timed out after 2 seconds. Element not found
For documentation on this error, please visit: https://www.selenium.dev/documentation/webdriver/troubleshooting/errors#no-such-element-exception
Build info: version: '4.21.0', revision: '79ed462ef4'
System info: os.name: 'Linux', os.arch: 'amd64', os.version: '4.18.0-553.51.1.el8_10.x86_64', java.version: '17.0.1'
Driver info: driver.version: unknown</error><system-err>Timed out after 2 seconds. Element not found
For documentation on this error, please visit: https://www.selenium.dev/documentation/webdriver/troubleshooting/errors#no-such-element-exception
Build info: version: '4.21.0', revision: '79ed462ef4'
System info: os.name: 'Linux', os.arch: 'amd64', os.version: '4.18.0-553.51.1.el8_10.x86_64', java.version: '17.0.1'
Driver info: driver.version: unknown
com.ej.taf.core.ui.pages.BasePageObject.scrollTo(BasePageObject.java:66)
com.ej.taf.core.ui.pages.ChooseAssetMovementTypeCard.chooseIntoAccountTransfer(ChooseAssetMovementTypeCard.java:35)
com.edwardjones.platform_ui_tests.automation.teststeps.newtransfer.ChooseAssetMovementTypeStep.chooseTransferIntoAccounts(ChooseAssetMovementTypeStep.java:68)
com.edwardjones.platform_ui_tests.automation.teststeps.PlatformFlowSteps.runTestFlowForIntoCheckDepositForRestrictedAccountFrom(PlatformFlowSteps.java:146)
com.edwardjones.platform_ui_tests.testcases.IntoCheckDepositRestrictionsNewAccountServicePart8.verifyRestrictedAccountsForExternalTransferForRestrictinonCode_SVCSTAT_O_SVCTV_GD(IntoCheckDepositRestrictionsNewAccountServicePart8.java:67)
worker.org.gradle.process.internal.worker.GradleWorkerMain.run(GradleWorkerMain.java:69)
worker.org.gradle.process.internal.worker.GradleWorkerMain.main(GradleWorkerMain.java:74)
</system-err></testcase></testsuite>