<?xml version="1.0" encoding="UTF-8" standalone="no"?><testsuite errors="0" failures="1" name="com.edwardjones.platform_ui_tests.testcases.OutOfEdwardJonesTransactionTest" skipped="0" tests="1" time="18.65" timestamp="2025-10-06 10:50:01"><testcase classname="com.edwardjones.platform_ui_tests.testcases.OutOfEdwardJonesTransactionTest" name="Integrate New Account Service with Sub Accounts Accounts for ACH Out Of Transfers, Disable Margin and Non-purpose loan types (Sub-Accounts) based on feature toggle"><failure message="&#10;expected: false&#10; but was: true" type="org.opentest4j.AssertionFailedError">
expected: false
 but was: true</failure><system-err>
expected: false
 but was: true
com.edwardjones.automation.steps.newOldUiManagement.NewUiCardManagementActions.verifyToAccountCardIsDisabled(NewUiCardManagementActions.java:366)
com.edwardjones.platform_ui_tests.automation.teststeps.newtransfer.ChooseToAccountSteps.verifyCardIsDisabled(ChooseToAccountSteps.java:34)
com.edwardjones.platform_ui_tests.testcases.OutOfEdwardJonesTransactionTest.verifySubAccountsForAchOutOfNewService(OutOfEdwardJonesTransactionTest.java:184)
worker.org.gradle.process.internal.worker.GradleWorkerMain.run(GradleWorkerMain.java:69)
worker.org.gradle.process.internal.worker.GradleWorkerMain.main(GradleWorkerMain.java:74)
</system-err></testcase></testsuite>