<?xml version="1.0" encoding="UTF-8" standalone="no"?><testsuite errors="1" failures="0" name="com.edwardjones.platform_ui_tests.testcases.NewTransactionForLinkedBankPart1Test" skipped="0" tests="1" time="88.36" timestamp="2025-10-06 10:27:21"><testcase classname="com.edwardjones.platform_ui_tests.testcases.NewTransactionForLinkedBankPart1Test" name="'Source of Funds' widget is showed up after click on 'Review transaction'"><error message="Error in reading data from DB2" type="com.edwardjones.database.exceptions.DbDataIsNotRetrievedException">Error in reading data from DB2</error><system-err>Error in reading data from DB2
com.edwardjones.database.helpers.Db2Helper.getResultSet(Db2Helper.java:69)
com.edwardjones.database.dataproviders.base.BaseTestDataProvider.readDb2Data(BaseTestDataProvider.java:119)
com.edwardjones.database.dataproviders.base.BaseTestDataProvider.readDb2Data(BaseTestDataProvider.java:106)
com.edwardjones.database.dataproviders.platform.SourceOfFundsWidgetDb2TestDataProvider.readData(SourceOfFundsWidgetDb2TestDataProvider.java:44)
com.edwardjones.apicore.dataproviders.composableProviders.provider.DbApiDataRetriever.retrieveData(DbApiDataRetriever.java:40)
com.edwardjones.apicore.dataproviders.composableProviders.platform.PlatformDataRetrievalSteps.retrieveDataForAchCashInFlowWithSoFWidget(PlatformDataRetrievalSteps.java:165)
com.edwardjones.platform_ui_tests.testcases.NewTransactionForLinkedBankPart1Test.verifySourceOfFundsWidgetForTransfersIntoEdwardJonesFromALinkedBankAccount(NewTransactionForLinkedBankPart1Test.java:56)
worker.org.gradle.process.internal.worker.GradleWorkerMain.run(GradleWorkerMain.java:69)
worker.org.gradle.process.internal.worker.GradleWorkerMain.main(GradleWorkerMain.java:74)
</system-err></testcase></testsuite>