<?xml version="1.0" encoding="UTF-8" standalone="no"?><testsuite errors="0" failures="0" name="com.edwardjones.platform_ui_tests.testcases.ChecksAddOutsideAccounts" skipped="0" tests="1" time="43.31" timestamp="2025-10-06 09:19:48"><testcase classname="com.edwardjones.platform_ui_tests.testcases.ChecksAddOutsideAccounts" name="UI/QA - Check Deposit - Add outside relationship account to Card 3 UI/QA - Check Deposits - Select account outside of relationship/selected account disabled Verify Second Account is Restricted when Added via Search box"/></testsuite>