<?xml version="1.0" encoding="UTF-8" standalone="no"?><testsuite errors="1" failures="0" name="com.edwardjones.platform_ui_tests.testcases.IntoCheckDepositRestrictionsNewAccountServicePart3" skipped="0" tests="1" time="32.72" timestamp="2025-10-06 09:34:33"><testcase classname="com.edwardjones.platform_ui_tests.testcases.IntoCheckDepositRestrictionsNewAccountServicePart3" name="Part 3 - Integrate New Account Service with Restrictions for Check Deposits, Add Inherited IRA Rule in Checks Transaction Rules - Rule ID 388"><error message="no such element: Unable to locate element: {&quot;method&quot;:&quot;xpath&quot;,&quot;selector&quot;:&quot;.//*[contains(@class,'item__number')]&quot;}&#10;  (Session info: MicrosoftEdge=139.0.3405.125)&#10;For documentation on this error, please visit: https://www.selenium.dev/documentation/webdriver/troubleshooting/errors#no-such-element-exception&#10;Build info: version: '4.21.0', revision: '79ed462ef4'&#10;System info: os.name: 'Linux', os.arch: 'amd64', os.version: '4.18.0-553.51.1.el8_10.x86_64', java.version: '17.0.1'&#10;Driver info: org.openqa.selenium.remote.RemoteWebDriver&#10;Command: [310776492cb1cf6e53ddc0ef0b879a8a, findChildElement {using=xpath, value=.//*[contains(@class,'item__number')], id=f.201FCA0B7F73D1AAD0510C2FFCB04E1B.d.625BC5B6C13B0EC956691DB866FDDA88.e.91}]&#10;Capabilities {acceptInsecureCerts: false, browserName: MicrosoftEdge, browserVersion: 139.0.3405.125, fedcm:accounts: true, goog:chromeOptions: {args: [--remote-allow-origins=*]}, ms:edgeOptions: {debuggerAddress: localhost:55838}, msedge: {msedgedriverVersion: 139.0.3405.125 (5d3aeaf5858..., userDataDir: C:\Users\selbot\AppData\Loc...}, networkConnectionEnabled: false, pageLoadStrategy: normal, platformName: Windows 10, proxy: Proxy(), se:bidiEnabled: false, se:cdp: ws://selenium4:4944/grid/re..., se:cdpVersion: 139.0.3405.125, setWindowRect: true, strictFileInteractability: false, timeouts: {implicit: 0, pageLoad: 300000, script: 30000}, unhandledPromptBehavior: dismiss and notify, webauthn:extension:credBlob: true, webauthn:extension:largeBlob: true, webauthn:extension:minPinLength: true, webauthn:extension:prf: true, webauthn:virtualAuthenticators: true}&#10;Session ID: 310776492cb1cf6e53ddc0ef0b879a8a" type="org.openqa.selenium.NoSuchElementException">no such element: Unable to locate element: {"method":"xpath","selector":".//*[contains(@class,'item__number')]"}
  (Session info: MicrosoftEdge=139.0.3405.125)
For documentation on this error, please visit: https://www.selenium.dev/documentation/webdriver/troubleshooting/errors#no-such-element-exception
Build info: version: '4.21.0', revision: '79ed462ef4'
System info: os.name: 'Linux', os.arch: 'amd64', os.version: '4.18.0-553.51.1.el8_10.x86_64', java.version: '17.0.1'
Driver info: org.openqa.selenium.remote.RemoteWebDriver
Command: [310776492cb1cf6e53ddc0ef0b879a8a, findChildElement {using=xpath, value=.//*[contains(@class,'item__number')], id=f.201FCA0B7F73D1AAD0510C2FFCB04E1B.d.625BC5B6C13B0EC956691DB866FDDA88.e.91}]
Capabilities {acceptInsecureCerts: false, browserName: MicrosoftEdge, browserVersion: 139.0.3405.125, fedcm:accounts: true, goog:chromeOptions: {args: [--remote-allow-origins=*]}, ms:edgeOptions: {debuggerAddress: localhost:55838}, msedge: {msedgedriverVersion: 139.0.3405.125 (5d3aeaf5858..., userDataDir: C:\Users\selbot\AppData\Loc...}, networkConnectionEnabled: false, pageLoadStrategy: normal, platformName: Windows 10, proxy: Proxy(), se:bidiEnabled: false, se:cdp: ws://selenium4:4944/grid/re..., se:cdpVersion: 139.0.3405.125, setWindowRect: true, strictFileInteractability: false, timeouts: {implicit: 0, pageLoad: 300000, script: 30000}, unhandledPromptBehavior: dismiss and notify, webauthn:extension:credBlob: true, webauthn:extension:largeBlob: true, webauthn:extension:minPinLength: true, webauthn:extension:prf: true, webauthn:virtualAuthenticators: true}
Session ID: 310776492cb1cf6e53ddc0ef0b879a8a</error><system-err>no such element: Unable to locate element: {"method":"xpath","selector":".//*[contains(@class,'item__number')]"}
  (Session info: MicrosoftEdge=139.0.3405.125)
For documentation on this error, please visit: https://www.selenium.dev/documentation/webdriver/troubleshooting/errors#no-such-element-exception
Build info: version: '4.21.0', revision: '79ed462ef4'
System info: os.name: 'Linux', os.arch: 'amd64', os.version: '4.18.0-553.51.1.el8_10.x86_64', java.version: '17.0.1'
Driver info: org.openqa.selenium.remote.RemoteWebDriver
Command: [310776492cb1cf6e53ddc0ef0b879a8a, findChildElement {using=xpath, value=.//*[contains(@class,'item__number')], id=f.201FCA0B7F73D1AAD0510C2FFCB04E1B.d.625BC5B6C13B0EC956691DB866FDDA88.e.91}]
Capabilities {acceptInsecureCerts: false, browserName: MicrosoftEdge, browserVersion: 139.0.3405.125, fedcm:accounts: true, goog:chromeOptions: {args: [--remote-allow-origins=*]}, ms:edgeOptions: {debuggerAddress: localhost:55838}, msedge: {msedgedriverVersion: 139.0.3405.125 (5d3aeaf5858..., userDataDir: C:\Users\selbot\AppData\Loc...}, networkConnectionEnabled: false, pageLoadStrategy: normal, platformName: Windows 10, proxy: Proxy(), se:bidiEnabled: false, se:cdp: ws://selenium4:4944/grid/re..., se:cdpVersion: 139.0.3405.125, setWindowRect: true, strictFileInteractability: false, timeouts: {implicit: 0, pageLoad: 300000, script: 30000}, unhandledPromptBehavior: dismiss and notify, webauthn:extension:credBlob: true, webauthn:extension:largeBlob: true, webauthn:extension:minPinLength: true, webauthn:extension:prf: true, webauthn:virtualAuthenticators: true}
Session ID: 310776492cb1cf6e53ddc0ef0b879a8a
com.ej.taf.core.ui.pages.widgets.AccountListElement.getWebElement(AccountListElement.java:100)
com.ej.taf.core.ui.pages.widgets.AccountListElement.getTextFromAttribute(AccountListElement.java:26)
com.edwardjones.platform_ui_tests.automation.teststeps.newtransfer.AccountItemSteps.lambda$getAccountListElement$7(AccountItemSteps.java:432)
com.edwardjones.platform_ui_tests.automation.teststeps.newtransfer.AccountItemSteps.getAccountListElement(AccountItemSteps.java:433)
com.edwardjones.platform_ui_tests.automation.teststeps.newtransfer.AccountItemSteps.verifyAcctRestricted(AccountItemSteps.java:81)
com.edwardjones.platform_ui_tests.automation.teststeps.PlatformFlowSteps.runTestFlowForIntoCheckDepositForRestrictedAccountFrom(PlatformFlowSteps.java:148)
com.edwardjones.platform_ui_tests.testcases.IntoCheckDepositRestrictionsNewAccountServicePart3.verifyRestrictedAccountsForExternalTransferForRuleID_388(IntoCheckDepositRestrictionsNewAccountServicePart3.java:138)
worker.org.gradle.process.internal.worker.GradleWorkerMain.run(GradleWorkerMain.java:69)
worker.org.gradle.process.internal.worker.GradleWorkerMain.main(GradleWorkerMain.java:74)
</system-err></testcase></testsuite>