<?xml version="1.0" encoding="UTF-8" standalone="no"?><testsuite errors="1" failures="0" name="com.edwardjones.platform_ui_tests.testcases.VerifyAdditionalBackAndNextButtonsNewTransaction" skipped="0" tests="1" time="73.24" timestamp="2025-10-06 10:30:17"><testcase classname="com.edwardjones.platform_ui_tests.testcases.VerifyAdditionalBackAndNextButtonsNewTransaction" name="Add Back and Next buttons to top row in New Transaction flow - ACH Into Branch Feedback: Align program name in AM Center and Relationship manager"><error message="Expected condition failed: waiting for List should have &gt;=1 elements while actual number is 0 &#10;List of accounts should be loaded (tried for 20 second(s) with 50 milliseconds interval)&#10;Build info: version: '4.21.0', revision: '79ed462ef4'&#10;System info: os.name: 'Linux', os.arch: 'amd64', os.version: '4.18.0-553.51.1.el8_10.x86_64', java.version: '17.0.1'&#10;Driver info: driver.version: unknown" type="org.openqa.selenium.TimeoutException">Expected condition failed: waiting for List should have &gt;=1 elements while actual number is 0 
List of accounts should be loaded (tried for 20 second(s) with 50 milliseconds interval)
Build info: version: '4.21.0', revision: '79ed462ef4'
System info: os.name: 'Linux', os.arch: 'amd64', os.version: '4.18.0-553.51.1.el8_10.x86_64', java.version: '17.0.1'
Driver info: driver.version: unknown</error><system-err>Expected condition failed: waiting for List should have &gt;=1 elements while actual number is 0 
List of accounts should be loaded (tried for 20 second(s) with 50 milliseconds interval)
Build info: version: '4.21.0', revision: '79ed462ef4'
System info: os.name: 'Linux', os.arch: 'amd64', os.version: '4.18.0-553.51.1.el8_10.x86_64', java.version: '17.0.1'
Driver info: driver.version: unknown
com.ej.taf.core.ui.pages.widgets.SearchAccountWidget.waitForListOfAccountsIsLoaded(SearchAccountWidget.java:61)
com.edwardjones.platform_ui_tests.automation.teststeps.newtransfer.SearchAccountSteps.waitForListOfAccountsIsLoaded(SearchAccountSteps.java:274)
com.edwardjones.platform_ui_tests.testcases.VerifyAdditionalBackAndNextButtonsNewTransaction.verifyBackAndNextButtonsInNewTransactionACHInto(VerifyAdditionalBackAndNextButtonsNewTransaction.java:99)
worker.org.gradle.process.internal.worker.GradleWorkerMain.run(GradleWorkerMain.java:69)
worker.org.gradle.process.internal.worker.GradleWorkerMain.main(GradleWorkerMain.java:74)
</system-err></testcase></testsuite>