<?xml version="1.0" encoding="UTF-8" standalone="no"?><testsuite errors="0" failures="1" name="com.edwardjones.platform_ui_tests.testcases.OutOfRestrictionsNewServicePart5Test" skipped="0" tests="1" time="11.83" timestamp="2025-10-06 11:04:10"><testcase classname="com.edwardjones.platform_ui_tests.testcases.OutOfRestrictionsNewServicePart5Test" name="Integrate New Account Service with Restrictions for ACH Transfers - Deceased"><failure message="&#10;expected: true&#10; but was: false" type="org.opentest4j.AssertionFailedError">
expected: true
 but was: false</failure><system-err>
expected: true
 but was: false
com.edwardjones.platform_ui_tests.automation.teststeps.newtransfer.AccountItemSteps.verifyAcctRestricted(AccountItemSteps.java:82)
com.edwardjones.platform_ui_tests.automation.teststeps.PlatformFlowSteps.verifyRestrictedAccountsForOutOfFlowNewServiceFlow(PlatformFlowSteps.java:273)
com.edwardjones.platform_ui_tests.testcases.OutOfRestrictionsNewServicePart5Test.verifyRestrictedAccountsForOutOfFlowNewServiceFlowForDeceased(OutOfRestrictionsNewServicePart5Test.java:70)
worker.org.gradle.process.internal.worker.GradleWorkerMain.run(GradleWorkerMain.java:69)
worker.org.gradle.process.internal.worker.GradleWorkerMain.main(GradleWorkerMain.java:74)
</system-err></testcase></testsuite>