<?xml version="1.0" encoding="UTF-8" standalone="no"?><testsuite errors="0" failures="0" name="com.edwardjones.platform_ui_tests.testcases.IntoCheckDepositRestrictionsNewAccountServicePart1" skipped="0" tests="1" time="31.95" timestamp="2025-10-06 10:37:01"><testcase classname="com.edwardjones.platform_ui_tests.testcases.IntoCheckDepositRestrictionsNewAccountServicePart1" name="Part 1 - Integrate New Account Service with Restrictions for Check Deposits, Add Inherited IRA Rule in Checks Transaction Rules -  Restriction Code - 72T"/></testsuite>