<?xml version="1.0" encoding="UTF-8" standalone="no"?><testsuite errors="0" failures="1" name="com.edwardjones.platform_ui_tests.testcases.VerifyAdditionalBackAndNextButtonsNewTransaction" skipped="0" tests="1" time="78.27" timestamp="2025-10-06 10:41:55"><testcase classname="com.edwardjones.platform_ui_tests.testcases.VerifyAdditionalBackAndNextButtonsNewTransaction" name="Add Back and Next buttons to top row in New Transaction flow - A2ABranch Feedback: Align program name in AM Center and Relationship manager"><failure message="[Verify whether the additional Next Button is Enabled] &#10;expected: true&#10; but was: false" type="org.opentest4j.AssertionFailedError">[Verify whether the additional Next Button is Enabled] 
expected: true
 but was: false</failure><system-err>[Verify whether the additional Next Button is Enabled] 
expected: true
 but was: false
com.edwardjones.automation.steps.newtransaction_progresser.NewTransactionSteps_PGR.verifyAdditionalBackNextButtonStatus(NewTransactionSteps_PGR.java:255)
com.edwardjones.platform_ui_tests.testcases.VerifyAdditionalBackAndNextButtonsNewTransaction.verifyBackAndNextButtonsInNewTransactionA2A(VerifyAdditionalBackAndNextButtonsNewTransaction.java:220)
worker.org.gradle.process.internal.worker.GradleWorkerMain.run(GradleWorkerMain.java:69)
worker.org.gradle.process.internal.worker.GradleWorkerMain.main(GradleWorkerMain.java:74)
</system-err></testcase></testsuite>