<?xml version="1.0" encoding="UTF-8" standalone="no"?><testsuite errors="1" failures="0" name="com.edwardjones.platform_ui_tests.testcases.VerifyNewTransactionDesignTouchTest" skipped="0" tests="1" time="82.39" timestamp="2025-10-06 11:11:15"><testcase classname="com.edwardjones.platform_ui_tests.testcases.VerifyNewTransactionDesignTouchTest" name="Demo New Transaction flow under 'amc_new_transfers_layout'."><error message="Expected condition failed: waiting for Account 'From' list should contain value 99768136 (tried for 20 second(s) with 500 milliseconds interval)&#10;Build info: version: '4.21.0', revision: '79ed462ef4'&#10;System info: os.name: 'Linux', os.arch: 'amd64', os.version: '4.18.0-553.51.1.el8_10.x86_64', java.version: '17.0.1'&#10;Driver info: net.thucydides.core.webdriver.WebDriverFacade" type="org.openqa.selenium.TimeoutException">Expected condition failed: waiting for Account 'From' list should contain value 99768136 (tried for 20 second(s) with 500 milliseconds interval)
Build info: version: '4.21.0', revision: '79ed462ef4'
System info: os.name: 'Linux', os.arch: 'amd64', os.version: '4.18.0-553.51.1.el8_10.x86_64', java.version: '17.0.1'
Driver info: net.thucydides.core.webdriver.WebDriverFacade</error><system-err>Expected condition failed: waiting for Account 'From' list should contain value 99768136 (tried for 20 second(s) with 500 milliseconds interval)
Build info: version: '4.21.0', revision: '79ed462ef4'
System info: os.name: 'Linux', os.arch: 'amd64', os.version: '4.18.0-553.51.1.el8_10.x86_64', java.version: '17.0.1'
Driver info: net.thucydides.core.webdriver.WebDriverFacade
com.edwardjones.automation.pages_elements.BasePageObject_ACH.waitForListElement(BasePageObject_ACH.java:247)
com.edwardjones.automation.pages_elements.ChooseAccountModule_ACH.selectAccountFrom(ChooseAccountModule_ACH.java:182)
com.edwardjones.automation.steps.newtransaction_progresser.ChooseAssetMovementSteps_PGR.selectFromAccountByNumber(ChooseAssetMovementSteps_PGR.java:20)
com.edwardjones.platform_ui_tests.testcases.VerifyNewTransactionDesignTouchTest.verifyNewTransactionProgressStepperIsUnderToggle(VerifyNewTransactionDesignTouchTest.java:46)
worker.org.gradle.process.internal.worker.GradleWorkerMain.run(GradleWorkerMain.java:69)
worker.org.gradle.process.internal.worker.GradleWorkerMain.main(GradleWorkerMain.java:74)
</system-err></testcase></testsuite>