<?xml version="1.0" encoding="UTF-8" standalone="no"?><testsuite errors="1" failures="0" name="com.edwardjones.platform_ui_tests.testcases.VerifyAdditionalBackAndNextButtonsNewTransaction" skipped="0" tests="1" time="52.8" timestamp="2025-10-06 10:32:50"><testcase classname="com.edwardjones.platform_ui_tests.testcases.VerifyAdditionalBackAndNextButtonsNewTransaction" name="Add Back and Next buttons to top row in New Transaction flow - ACH Out OfBranch Feedback: Align program name in AM Center and Relationship manager"><error message="Expected condition failed: waiting for List should have &gt;=1 elements while actual number is 0 &#10;Household has EJ accounts (tried for 20 second(s) with 250 milliseconds interval)&#10;Build info: version: '4.21.0', revision: '79ed462ef4'&#10;System info: os.name: 'Linux', os.arch: 'amd64', os.version: '4.18.0-553.51.1.el8_10.x86_64', java.version: '17.0.1'&#10;Driver info: driver.version: unknown" type="org.openqa.selenium.TimeoutException">Expected condition failed: waiting for List should have &gt;=1 elements while actual number is 0 
Household has EJ accounts (tried for 20 second(s) with 250 milliseconds interval)
Build info: version: '4.21.0', revision: '79ed462ef4'
System info: os.name: 'Linux', os.arch: 'amd64', os.version: '4.18.0-553.51.1.el8_10.x86_64', java.version: '17.0.1'
Driver info: driver.version: unknown</error><system-err>Expected condition failed: waiting for List should have &gt;=1 elements while actual number is 0 
Household has EJ accounts (tried for 20 second(s) with 250 milliseconds interval)
Build info: version: '4.21.0', revision: '79ed462ef4'
System info: os.name: 'Linux', os.arch: 'amd64', os.version: '4.18.0-553.51.1.el8_10.x86_64', java.version: '17.0.1'
Driver info: driver.version: unknown
com.ej.taf.core.ui.pages.widgets.SearchAccountWidget.waitForAccounts(SearchAccountWidget.java:206)
com.edwardjones.platform_ui_tests.automation.teststeps.newtransfer.ChooseAssetMovementTypeStep.chooseTransferOutOfAccount(ChooseAssetMovementTypeStep.java:75)
com.edwardjones.platform_ui_tests.testcases.VerifyAdditionalBackAndNextButtonsNewTransaction.verifyBackAndNextButtonsInNewTransactionACHOutOf(VerifyAdditionalBackAndNextButtonsNewTransaction.java:137)
worker.org.gradle.process.internal.worker.GradleWorkerMain.run(GradleWorkerMain.java:69)
worker.org.gradle.process.internal.worker.GradleWorkerMain.main(GradleWorkerMain.java:74)
</system-err></testcase></testsuite>