<?xml version="1.0" encoding="UTF-8" standalone="no"?><testsuite errors="0" failures="0" name="com.edwardjones.platform_ui_tests.testcases.DisplayTotalAccountCashAndValueInFromToAcrossFlows" skipped="0" tests="1" time="33.3" timestamp="2025-10-06 09:18:42"><testcase classname="com.edwardjones.platform_ui_tests.testcases.DisplayTotalAccountCashAndValueInFromToAcrossFlows" name="Display Total Account Value/cash for the selected EDJ account in To and From in the Transfer Details Page: cash in flow"/></testsuite>