<?xml version="1.0" encoding="UTF-8" standalone="no"?><testsuite errors="1" failures="0" name="com.edwardjones.platform_ui_tests.testcases.BetweenSelectAccountTypeForEJAccount" skipped="0" tests="1" time="62.91" timestamp="2025-10-06 09:08:06"><testcase classname="com.edwardjones.platform_ui_tests.testcases.BetweenSelectAccountTypeForEJAccount" name="Select account type (cash, margin, non-purpose loan) for EDJ account, Disable/Enable Margin and Non-purpose loan types for Between Flow(Sub Accounts) Accounts: Cash/Margin/loan"><error message="Expected condition failed: waiting for Account 44522456 should be present in 'Account From' list (tried for 20 second(s) with 500 milliseconds interval)" type="org.openqa.selenium.TimeoutException">Expected condition failed: waiting for Account 44522456 should be present in 'Account From' list (tried for 20 second(s) with 500 milliseconds interval)</error><system-err>Expected condition failed: waiting for Account 44522456 should be present in 'Account From' list (tried for 20 second(s) with 500 milliseconds interval)
com.ej.taf.core.ui.pages.BasePageObject.waitForListElement(BasePageObject.java:91)
com.ej.taf.core.ui.pages.widgets.SearchAccountWidget.waitForPresenceOfAccountInList(SearchAccountWidget.java:76)
com.edwardjones.platform_ui_tests.automation.teststeps.newtransfer.SearchAccountSteps.verifyAccountListedIsAvailable(SearchAccountSteps.java:355)
com.edwardjones.platform_ui_tests.testcases.BetweenSelectAccountTypeForEJAccount.testBetweenFlowForAccountsWithMarginLoan(BetweenSelectAccountTypeForEJAccount.java:120)
worker.org.gradle.process.internal.worker.GradleWorkerMain.run(GradleWorkerMain.java:69)
worker.org.gradle.process.internal.worker.GradleWorkerMain.main(GradleWorkerMain.java:74)
</system-err></testcase></testsuite>