<?xml version="1.0" encoding="UTF-8" standalone="no"?><testsuite errors="1" failures="0" name="com.edwardjones.platform_ui_tests.testcases.NewTransactionForLinkedBankPart2Test" skipped="0" tests="1" time="4.58" timestamp="2025-10-06 10:29:34"><testcase classname="com.edwardjones.platform_ui_tests.testcases.NewTransactionForLinkedBankPart2Test" name="Card 3 - Select, Search, Sort Edward Jones account for &quot;INTO&quot; flow - Linked Bank"><error message="relShipId is marked non-null but is null" type="java.lang.NullPointerException">relShipId is marked non-null but is null</error><system-err>relShipId is marked non-null but is null
com.edwardjones.platform_ui_tests.automation.teststeps.newtransfer.NewTransferSteps.openNewTransferPage(NewTransferSteps.java:60)
com.edwardjones.platform_ui_tests.testcases.NewTransactionForLinkedBankPart2Test.verifySelectSearchEjAccountForIntoFlow(NewTransactionForLinkedBankPart2Test.java:181)
worker.org.gradle.process.internal.worker.GradleWorkerMain.run(GradleWorkerMain.java:69)
worker.org.gradle.process.internal.worker.GradleWorkerMain.main(GradleWorkerMain.java:74)
</system-err></testcase></testsuite>