<?xml version="1.0" encoding="UTF-8" standalone="no"?><testsuite errors="0" failures="0" name="com.edwardjones.platform_ui_tests.testcases.IntoCheckDepositRestrictionsNewAccountServicePart3" skipped="0" tests="1" time="33.09" timestamp="2025-10-06 09:37:05"><testcase classname="com.edwardjones.platform_ui_tests.testcases.IntoCheckDepositRestrictionsNewAccountServicePart3" name="Part 3 - Integrate New Account Service with Restrictions for Check Deposits, Add Inherited IRA Rule in Checks Transaction Rules - Rule ID 390"/></testsuite>