<?xml version="1.0" encoding="UTF-8" standalone="no"?><testsuite errors="1" failures="0" name="com.edwardjones.platform_ui_tests.testcases.OutsideAccountAddOutsideAccountSearchBar" skipped="0" tests="1" time="39.78" timestamp="2025-10-06 11:36:02"><testcase classname="com.edwardjones.platform_ui_tests.testcases.OutsideAccountAddOutsideAccountSearchBar" name="Activity : Verify Add Outside Account search bar"><error message="Timed out after 2 seconds. Element not available&#10;Build info: version: '4.21.0', revision: '79ed462ef4'&#10;System info: os.name: 'Linux', os.arch: 'amd64', os.version: '4.18.0-553.51.1.el8_10.x86_64', java.version: '17.0.1'&#10;Driver info: driver.version: unknown" type="org.openqa.selenium.ElementNotInteractableException">Timed out after 2 seconds. Element not available
Build info: version: '4.21.0', revision: '79ed462ef4'
System info: os.name: 'Linux', os.arch: 'amd64', os.version: '4.18.0-553.51.1.el8_10.x86_64', java.version: '17.0.1'
Driver info: driver.version: unknown</error><system-err>Timed out after 2 seconds. Element not available
Build info: version: '4.21.0', revision: '79ed462ef4'
System info: os.name: 'Linux', os.arch: 'amd64', os.version: '4.18.0-553.51.1.el8_10.x86_64', java.version: '17.0.1'
Driver info: driver.version: unknown
com.ej.taf.core.ui.pages.BasePageObject.scrollTo(BasePageObject.java:66)
com.ej.taf.core.ui.pages.TransferDetailsCard.addAnotherAccountSearchBar(TransferDetailsCard.java:326)
com.edwardjones.platform_ui_tests.automation.teststeps.newtransfer.SearchAccountSteps.addAnotherAccountSearchBar(SearchAccountSteps.java:45)
com.edwardjones.platform_ui_tests.testcases.OutsideAccountAddOutsideAccountSearchBar.verifyOutsideAccountSearchBar(OutsideAccountAddOutsideAccountSearchBar.java:67)
worker.org.gradle.process.internal.worker.GradleWorkerMain.run(GradleWorkerMain.java:69)
worker.org.gradle.process.internal.worker.GradleWorkerMain.main(GradleWorkerMain.java:74)
</system-err></testcase></testsuite>