<?xml version="1.0" encoding="UTF-8" standalone="no"?><testsuite errors="0" failures="1" name="com.edwardjones.platform_ui_tests.testcases.BetweenRetirementAccountToAccountTransferToggleOn" skipped="0" tests="1" time="29.98" timestamp="2025-10-06 09:36:56"><testcase classname="com.edwardjones.platform_ui_tests.testcases.BetweenRetirementAccountToAccountTransferToggleOn" name="Between flow: accounts are enabled for - From 312 rule ID to 313 rule ID, same SSN"><failure message="&#10;expected: true&#10; but was: false" type="org.opentest4j.AssertionFailedError">
expected: true
 but was: false</failure><system-err>
expected: true
 but was: false
com.edwardjones.platform_ui_tests.automation.teststeps.newtransfer.AccountItemSteps.verifyAcctRestricted(AccountItemSteps.java:82)
com.edwardjones.platform_ui_tests.automation.teststeps.newtransfer.AccountItemSteps.verifyAccountRestrictedWithMessageOrNot(AccountItemSteps.java:758)
com.edwardjones.platform_ui_tests.automation.teststeps.PlatformFlowSteps.runTestFlowBetweenTransferAndVerifyRestrictionForAccountTo(PlatformFlowSteps.java:265)
com.edwardjones.platform_ui_tests.testcases.BetweenRetirementAccountToAccountTransferToggleOn.runTestFlow(BetweenRetirementAccountToAccountTransferToggleOn.java:504)
com.edwardjones.platform_ui_tests.testcases.BetweenRetirementAccountToAccountTransferToggleOn.runTestFlow(BetweenRetirementAccountToAccountTransferToggleOn.java:496)
com.edwardjones.platform_ui_tests.testcases.BetweenRetirementAccountToAccountTransferToggleOn.verifyBetweenFlow312To313SameSsn(BetweenRetirementAccountToAccountTransferToggleOn.java:301)
worker.org.gradle.process.internal.worker.GradleWorkerMain.run(GradleWorkerMain.java:69)
worker.org.gradle.process.internal.worker.GradleWorkerMain.main(GradleWorkerMain.java:74)
</system-err></testcase></testsuite>