<?xml version="1.0" encoding="UTF-8" standalone="no"?><testsuite errors="0" failures="0" name="com.edwardjones.platform_ui_tests.testcases.ChecksSearchByNameOutsideRelAccNotRestrictedTest" skipped="0" tests="1" time="59.98" timestamp="2025-10-06 09:40:30"><testcase classname="com.edwardjones.platform_ui_tests.testcases.ChecksSearchByNameOutsideRelAccNotRestrictedTest" name="UI/QA - Check Deposits - Select account outside of relationship/selected account disabled Verify Second Account is Not Restricted when Added from Contact Widget"/></testsuite>